# F status quo
# Cod        
 0.008947 0.040943 0.076085 0.078788 0.084697 0.076103 0.061699 0.042511 0.018199 0.018199
 0.008947 0.040943 0.076085 0.078788 0.084697 0.076103 0.061699 0.042511 0.018199 0.018199
 0.000000 0.008947 0.040943 0.076085 0.078788 0.084697 0.076103 0.061699 0.042511 0.018199 0.018199
 0.000000 0.008947 0.040943 0.076085 0.078788 0.084697 0.076103 0.061699 0.042511 0.018199 0.018199
# Whiting    
 0.002693 0.007283 0.012680 0.015450 0.015273 0.015273
 0.002693 0.007283 0.012680 0.015450 0.015273 0.015273
 0.000208 0.002693 0.007283 0.012680 0.015450 0.015273 0.015273
 0.000208 0.002693 0.007283 0.012680 0.015450 0.015273 0.015273
# Haddock    
 0.004252 0.017999 0.033663 0.041358 0.041275 0.036653 0.041541 0.041541 0.041541 0.041541
 0.004252 0.017999 0.033663 0.041358 0.041275 0.036653 0.041541 0.041541 0.041541 0.041541
 0.000531 0.004252 0.017999 0.033663 0.041358 0.041275 0.036653 0.041541 0.041541 0.041541 0.041541
 0.000531 0.004252 0.017999 0.033663 0.041358 0.041275 0.036653 0.041541 0.041541 0.041541 0.041541
# Saithe     
 0.000000 0.000000 0.020082 0.052456 0.065936 0.066297 0.061083 0.054124 0.054124 0.054124
 0.000000 0.000000 0.020082 0.052456 0.065936 0.066297 0.061083 0.054124 0.054124 0.054124
 0.000000 0.000000 0.000000 0.020082 0.052456 0.065936 0.066297 0.061083 0.054124 0.054124 0.054124
 0.000000 0.000000 0.000000 0.020082 0.052456 0.065936 0.066297 0.061083 0.054124 0.054124 0.054124
# Mackerel   
 0.003093 0.012091 0.028180 0.042971 0.060216 0.074096 0.096382 0.096382 0.096382 0.096382
 0.003093 0.012091 0.028180 0.042971 0.060216 0.074096 0.096382 0.096382 0.096382 0.096382
 0.000000 0.003093 0.012091 0.028180 0.042971 0.060216 0.074096 0.096382 0.096382 0.096382 0.096382
 0.000000 0.003093 0.012091 0.028180 0.042971 0.060216 0.074096 0.096382 0.096382 0.096382 0.096382
# Herring    
 0.004127 0.009860 0.015857 0.021491 0.031273 0.031273 0.031273 0.031273
 0.008402 0.020074 0.032284 0.043754 0.063668 0.063668 0.063668 0.063668
 0.032780 0.022064 0.052714 0.084780 0.114899 0.167195 0.167195 0.167195 0.167195
 0.029852 0.015342 0.036654 0.058950 0.079893 0.116256 0.116256 0.116256 0.116256
# N.sandeel  
 0.000000 0.000000 0.000000 0.000000
 0.293718 0.678190 0.648840 0.648840
 0.000000 0.000000 0.000000 0.000000 0.000000
 0.000000 0.000000 0.000000 0.000000 0.000000
# S.sandeel  
 0.000000 0.000000 0.000000 0.000000
 0.016726 0.029715 0.045227 0.045227
 0.000000 0.000000 0.000000 0.000000 0.000000
 0.000000 0.000000 0.000000 0.000000 0.000000
# Nor.pout   
 0.001165 0.005373 0.011169
 0.010283 0.047428 0.086936
 0.000254 0.059080 0.272503 0.281798
 0.003362 0.130415 0.601532 0.601532
# Sprat      
 0.004490 0.032131 0.036190
 0.000000 0.000000 0.000000
 0.000000 0.057602 0.107080 0.081585
 0.000000 0.050055 0.196800 0.196800
# Plaice     
 0.008375 0.026156 0.033089 0.038900 0.038043 0.030755 0.017753 0.017753 0.017753 0.017753
 0.008375 0.026156 0.033089 0.038900 0.038043 0.030755 0.017753 0.017753 0.017753 0.017753
 0.000000 0.008375 0.026156 0.033089 0.038900 0.038043 0.030755 0.017753 0.017753 0.017753 0.017753
 0.000000 0.008375 0.026156 0.033089 0.038900 0.038043 0.030755 0.017753 0.017753 0.017753 0.017753
# Sole       
 0.002046 0.022304 0.049179 0.059952 0.061031 0.056625 0.051165 0.051165 0.051165 0.051165
 0.002046 0.022304 0.049179 0.059952 0.061031 0.056625 0.051165 0.051165 0.051165 0.051165
 0.000000 0.002046 0.022304 0.049179 0.059952 0.061031 0.056625 0.051165 0.051165 0.051165 0.051165
 0.000000 0.002046 0.022304 0.049179 0.059952 0.061031 0.056625 0.051165 0.051165 0.051165 0.051165
