Species.n Year  Rec SSB TSB SOP SOP.hat SOP.core Yield Yield.hat Yield.core mean.F Eaten
16 1974  3.53799e+06 183173 405602 252714 243265 235082 252714 243265 235082 0.70841 99148.7
16 1975  2.3319e+06 169287 396310 241132 251306 224086 241132 251306 224086 0.749806 104519
16 1976  7.86678e+06 151633 430415 305329 257860 278671 305329 257860 278671 0.826226 147890
16 1977  4.40273e+06 120830 404024 347182 280852 317344 347182 280852 317344 0.801337 155199
16 1978  5.84289e+06 114531 481334 327061 375715 295637 327061 375715 295637 0.941318 166026
16 1979  4.62561e+06 107569 441165 428086 305718 384140 428086 305718 384140 0.764996 136571
16 1980  3.99175e+06 119757 469081 587443 352784 525473 587443 352784 525473 0.87535 161969
16 1981  1.39521e+07 123777 501423 390754 342313 349529 390754 342313 349529 0.873147 217839
16 1982  5.05413e+06 116055 405010 356376 334672 318222 356376 334672 318222 0.923373 156549
16 1983  5.69807e+06 99762.3 378063 279032 298884 247864 279032 298884 247864 0.929351 140615
16 1984  4.00953e+06 88123.3 339202 378275 271106 328184 378275 271106 328184 0.877467 135344
16 1985  5.20197e+06 89765.9 361730 245642 246353 216756 245642 246353 216756 0.880661 122922
16 1986  3.59954e+06 77684.8 286070 339692 239993 285894 339692 239993 285894 0.951641 114406
16 1987  3.68124e+06 79192.6 333310 243840 257621 212387 243840 257621 212387 0.924805 116373
16 1988  2.96404e+06 76140.8 267390 193767 214692 169640 193767 214692 169640 0.926786 82496.9
16 1989  2.58766e+06 71131.9 223214 201155 197061 168685 201155 197061 168685 0.955934 82975.7
16 1990  2.9231e+06 68547.6 224238 151592 156758 130441 151592 156758 130441 0.907066 80257.2
16 1991  3.4885e+06 64839.7 180814 119678 146907 101928 119678 146907 101928 0.901006 70734.6
16 1992  2.09309e+06 64628.6 191886 148985 170895 121249 148985 170895 121249 0.873785 74736.7
16 1993  3.40601e+06 69382.5 215509 141383 141655 120342 141383 141655 120342 0.933352 80994.1
16 1994  2.69257e+06 71357.7 202386 208173 131892 160052 208173 131892 160052 0.890312 80471.4
16 1995  3.20641e+06 81878.4 236299 168055 146310 138656 168055 146310 138656 0.849857 96173
16 1996  5.22854e+06 91130.4 233375 138777 158384 118648 138777 158384 118648 0.901737 98907.7
16 1997  1.67272e+06 89683.1 227655 155600 151954 125032 155600 151954 125032 0.875528 95238.9
16 1998  2.65626e+06 95056.4 260701 184807 165518 155875 184807 165518 155875 1.15871 85748.8
16 1999  4.86633e+06 67463.1 137104 107734 101268 91550.9 107734 101268 91550.9 1.15366 66734.2
16 2000  1.77449e+06 47374.5 112580 82922.2 90249.1 67399.4 82922.2 90249.1 67399.4 1.16791 52554.1
16 2001  1.87693e+06 46069.9 121948 61986.7 62291.4 51936.9 61986.7 62291.4 51936.9 0.828108 52291.2
16 2002  2.08159e+06 46398.1 98783.4 65036.4 66902 53938.6 65036.4 66902 53938.6 1.09685 43909.6
16 2003  3.56345e+06 34481.4 75838.1 34437 37495.2 29193.8 34437 37495.2 29193.8 0.678195 54992.4
16 2004  2.60761e+06 35173.3 77898.8 36471.4 34802.6 30158.3 36471.4 34802.6 30158.3 0.719421 55872.7
16 2005  4.63409e+06 36159.6 85470.6 38104.1 43273.8 31514.7 38104.1 43273.8 31514.7 0.708502 73453.5
16 2006  2.53711e+06 37898.4 94450.4 37577 35434.6 30335.1 37577 35434.6 30335.1 0.729318 72415.6
16 2007  2.66499e+06 45534.6 112568 54641.2 44351.4 44443.5 54641.2 44351.4 44443.5 0.578773 74155.1
16 2008  2.58079e+06 53193.8 107326 51795 52864.9 43363.1 51795 52864.9 43363.1 0.624906 64519
16 2009  2.30889e+06 55079.7 106044 54026.1 54761.2 45441.9 54026.1 54761.2 45441.9 0.62501 57990.4
16 2010  1.90491e+06 54322.7 111819 49105.7 48323.5 41380.4 49105.7 48323.5 41380.4 0.542688 64357.5
16 2011  4.14266e+06 65358.6 135482 40686.8 43694.8 34615.7 40686.8 43694.8 34615.7 0.401388 84128.7
16 2012  6.1886e+06 72060.7 133886 40764 41189.1 34831.9 40764 41189.1 34831.9 0.372846 96123.1
16 2013  4.56232e+06 72889.6 140408 40757.4 41040.6 35021.2 40757.4 41040.6 35021.2 0.349849 94847.1
16 2014  2.59418e+06 76511.3 157774 45192.4 43495 38226.1 45192.4 43495 38226.1 0.337028 86624.9
16 2015  1.94366e+06 85140.7 167377 49899.9 48946.9 42520.5 49899.9 48946.9 42520.5 0.350867 76795.7
16 2016  2.68345e+06 85661.8 148321 50310.5 46641.4 44059.6 50310.5 46641.4 44059.6 0.340927 60099.4
16 2017  1.32702e+06 79040.7 130758 46368.7 43685.2 41141.7 46368.7 43685.2 41141.7 0.390341 48283.1
16 2018  1.2993e+06 69272 122392 47904.1 48677.9 41920.4 47904.1 48677.9 41920.4 0.552142 45092.7
16 2019  1.14153e+06 50590.1 88309.9 35390.2 33549.3 31279.6 35390.2 33549.3 31279.6 0.466979 33880.5
16 2020  925961 41165 81188.9 23607.4 21563.1 19866.1 23607.4 21563.1 19866.1 0.353033 37298.1
16 2021  1.86525e+06 45300.1 97775 18227.9 19217.1 15674.1 18227.9 19217.1 15674.1 0.22335 50811.1
16 2022  2.15073e+06 48860.2 104364 21127.7 22508.9 18405.9 21127.7 22508.9 18405.9 0.250183 57925.3
16 2023  NA 53369.2 NA NA NA NA NA NA NA NA NA
17 1974  2.90059e+07 366860 496901 319955 275066 287960 319955 275066 287960 0.826994 424976
17 1975  2.54329e+07 299310 526501 275667 306735 248100 275667 306735 248100 0.85282 441144
17 1976  3.25232e+07 380786 603817 325609 298549 293048 325609 298549 293048 0.78229 572652
17 1977  2.50712e+07 373595 585255 289306 265859 260375 289306 265859 260375 0.66466 472214
17 1978  2.76168e+07 384388 608449 188049 186178 169245 188049 186178 169245 0.492289 555181
17 1979  1.73621e+07 405231 624709 244055 235685 219649 244055 235685 219649 0.587648 387398
17 1980  1.22946e+07 421950 615068 223016 215828 200714 223016 215828 200714 0.525877 385211
17 1981  2.17919e+07 415848 535795 192209 190862 172988 192209 190862 172988 0.526237 448483
17 1982  8.16536e+06 290528 362898 140246 118504 126222 140246 118504 126222 0.435563 217960
17 1983  1.09898e+07 221725 300376 161686 124392 145517 161686 124392 145517 0.596382 186782
17 1984  1.26062e+07 174647 287760 145646 119628 131081 145646 119628 131081 0.668333 236048
17 1985  1.35326e+07 202120 292177 100207 104541 90186.6 100207 104541 90186.6 0.535352 216829
17 1986  1.66643e+07 206616 372325 161469 164243 145322 161469 164243 145322 0.747705 283711
17 1987  1.52586e+07 227839 355869 138906 135579 125016 138906 135579 125016 0.606309 273326
17 1988  1.89716e+07 254359 360973 133010 124916 119709 133010 124916 119709 0.531917 282134
17 1989  1.34528e+07 253860 417919 123530 122999 111177 123530 122999 111177 0.440543 310822
17 1990  1.13114e+07 307438 422433 152969 130970 137672 152969 130970 137672 0.463739 259426
17 1991  1.07517e+07 303400 408453 126467 121287 113820 126467 121287 113820 0.336093 226617
17 1992  1.46561e+07 301969 401728 108738 140725 97864.2 108738 140725 97864.2 0.408825 252734
17 1993  1.21821e+07 275077 374513 116871 138021 105184 116871 138021 105184 0.458546 237880
17 1994  1.24824e+07 253493 353397 101628 114094 91465.1 101628 114094 91465.1 0.398288 234594
17 1995  1.13816e+07 253397 360377 106220 92528.9 95598.2 106220 92528.9 95598.2 0.303742 251861
17 1996  6.66162e+06 239636 321723 76090.3 75533.2 68481.2 76090.3 75533.2 68481.2 0.272207 185089
17 1997  1.27969e+07 212485 275645 61474.6 61721 55327.1 61474.6 61721 55327.1 0.241372 212273
17 1998  2.18858e+07 188966 267194 47404.6 48589.4 42664.2 47404.6 48589.4 42664.2 0.210126 306721
17 1999  2.05544e+07 179223 282007 60836.3 62383 54752.7 60836.3 62383 54752.7 0.28306 325664
17 2000  1.91983e+07 198844 313988 63907.5 69043.6 57516.8 63907.5 69043.6 57516.8 0.251426 285006
17 2001  2.26025e+07 248417 367273 45177.2 50960 40659.5 45177.2 50960 40659.5 0.150375 351576
17 2002  1.51517e+07 259951 351407 46411.9 42815.1 41770.7 46411.9 42815.1 41770.7 0.133049 303774
17 2003  1.00774e+07 248029 300312 45645.6 47716.9 41081 45645.6 47716.9 41081 0.190097 204229
17 2004  1.06097e+07 200479 242213 33564.4 33952.9 30208 33564.4 33952.9 30208 0.15983 189036
17 2005  1.05977e+07 167567 217851 28873.3 27779.6 25986 28873.3 27779.6 25986 0.152201 184171
17 2006  1.09208e+07 150921 201413 36746.2 35783.8 33071.6 36746.2 35783.8 33071.6 0.19771 183391
17 2007  1.68199e+07 141577 181218 26968 26300.1 24271.2 26968 26300.1 24271.2 0.18057 228790
17 2008  1.30845e+07 147147 203672 28250.7 26695 25425.7 28250.7 26695 25425.7 0.174044 217456
17 2009  7.60535e+06 159854 208704 28361.9 26420.4 25525.7 28361.9 26420.4 25525.7 0.158901 158911
17 2010  1.32522e+07 205461 258908 34440.7 34434.9 30996.6 34440.7 34434.9 30996.6 0.157335 220251
17 2011  1.40484e+07 210816 280078 30673.4 30006.4 27606 30673.4 30006.4 27606 0.132591 259580
17 2012  1.13742e+07 232846 279884 30223.7 33556.4 27201.3 30223.7 33556.4 27201.3 0.139115 222703
17 2013  1.24808e+07 211724 246435 26639.4 27134 23975.5 26639.4 27134 23975.5 0.120924 207076
17 2014  1.29136e+07 197307 251085 28373.1 27761.2 25535.8 28373.1 27761.2 25535.8 0.131808 215341
17 2015  1.73219e+07 203398 259095 36255 35122.3 32629.5 36255 35122.3 32629.5 0.167892 261738
17 2016  1.92055e+07 216821 276305 33370.8 33264.9 30033.7 33370.8 33264.9 30033.7 0.150107 283265
17 2017  1.55311e+07 235566 292018 29347.8 29102.2 26413 29347.8 29102.2 26413 0.117238 270808
17 2018  1.21935e+07 240106 289890 28437.9 28136.6 25594.1 28437.9 28136.6 25594.1 0.111821 223155
17 2019  2.01046e+07 240839 295970 30510.3 30398.1 27459.2 30510.3 30398.1 27459.2 0.121595 287583
17 2020  1.95203e+07 294225 405215 34996.4 33496.4 31496.7 34996.4 33496.4 31496.7 0.104391 347144
17 2021  7.58941e+06 393863 510313 33193.3 31933.7 29874 33193.3 31933.7 29874 0.0776564 294505
17 2022  1.48684e+07 444603 507595 27891.4 23716.8 25102.2 27891.4 23716.8 25102.2 0.0484056 296575
17 2023  NA 477366 NA NA NA NA NA NA NA NA NA
18 1974  4.88826e+07 398650 893665 396271 323703 348718 396271 323703 348718 0.696788 983179
18 1975  4.54513e+06 321305 1.43368e+06 494728 415311 435361 494728 415311 435361 0.869663 973929
18 1976  5.11772e+06 523606 1.06336e+06 402849 434892 354508 402849 434892 354508 0.797338 435375
18 1977  1.10666e+07 406147 535411 240340 267291 211499 240340 267291 211499 0.766265 288566
18 1978  1.72369e+07 178719 362126 146706 140235 129101 146706 140235 129101 0.807214 363845
18 1979  2.66377e+07 133769 454447 149064 144909 131177 149064 144909 131177 0.833469 548375
18 1980  1.57219e+07 176450 743830 202451 202816 178157 202451 202816 178157 0.795756 645836
18 1981  2.20427e+07 312499 727624 226485 214447 199306 226485 214447 199306 0.573373 626565
18 1982  9.93454e+06 341988 674738 256108 197036 225375 256108 197036 225375 0.55306 463441
18 1983  1.52873e+07 268948 485995 253230 218021 222842 253230 218021 222842 0.731734 334997
18 1984  5.18767e+06 224072 554385 247089 249407 217439 247089 249407 217439 0.874188 289076
18 1985  5.77107e+06 250470 500461 247098 273354 217447 247098 273354 217447 0.832622 203294
18 1986  1.23679e+07 236627 381239 223727 199333 196880 223727 199333 196880 0.867703 218970
18 1987  1.77559e+06 185886 452805 194995 211569 171595 194995 211569 171595 0.976698 185384
18 1988  1.28757e+06 196462 350842 179974 192745 158377 179974 192745 158377 0.953934 88281
18 1989  2.5112e+06 142427 187245 127719 117825 112393 127719 117825 112393 0.945223 56581.9
18 1990  5.02826e+06 76819.8 133562 86747.9 76034.8 76338.1 86747.9 76034.8 76338.1 0.883634 89321.5
18 1991  7.17201e+06 63263 176163 97264.3 92647.2 85592.6 97264.3 92647.2 85592.6 0.914879 129816
18 1992  1.01401e+07 100545 304056 135185 126204 118962 135185 126204 118962 0.807243 210296
18 1993  4.05225e+06 175892 470750 180218 226571 158592 180218 226571 158592 1.00599 212391
18 1994  1.63161e+07 213843 403311 169436 212005 149104 169436 212005 149104 0.900589 249237
18 1995  8.41077e+06 194637 567633 168928 192796 148656 168928 192796 148656 0.804901 381584
18 1996  6.22642e+06 248184 523976 204683 262659 180121 204683 262659 180121 0.948952 220779
18 1997  3.68851e+06 226269 386056 170009 174584 149608 170009 174584 149608 0.722555 155065
18 1998  1.90511e+06 190501 297032 161929 149104 142498 161929 149104 142498 0.782027 83610.4
18 1999  1.78371e+07 140356 195923 123489 124292 108670 123489 124292 108670 0.977097 184826
18 2000  6.2192e+06 104353 486222 126823 124218 111604 126823 124218 111604 0.858189 319449
18 2001  1.24524e+06 359332 655863 173366 204778 152562 173366 204778 152562 0.695534 148349
18 2002  1.54252e+06 424409 496674 155333 225321 136693 155333 225321 136693 0.630067 87695.2
18 2003  1.40595e+06 263034 292576 74350.3 91809.3 65428.2 74350.3 91809.3 65428.2 0.339986 56296.5
18 2004  1.21276e+06 178553 207132 72513.1 65588.7 63811.5 72513.1 65588.7 63811.5 0.366804 59295.3
18 2005  8.3256e+06 120235 142110 64115.2 47035.3 56421.3 64115.2 47035.3 56421.3 0.394 118783
18 2006  2.25049e+06 90108 227100 66967.2 58372.8 58931.1 66967.2 58372.8 58931.1 0.61587 154210
18 2007  1.23574e+06 138571 206542 67425.3 60938.6 59334.3 67425.3 60938.6 59334.3 0.562446 74192.3
18 2008  661738 135920 166911 49900.4 47256.7 43912.4 49900.4 47256.7 43912.4 0.371334 46509
18 2009  4.36496e+06 95621.6 115186 46492.1 33839 40913 46492.1 33839 40913 0.334516 64136.1
18 2010  644347 85892.2 188948 41303.5 34775.1 36347.1 41303.5 34775.1 36347.1 0.365996 100223
18 2011  347866 134086 181804 42868 42695.2 37723.8 42868 42695.2 37723.8 0.344747 48328
18 2012  650299 145679 157224 42919.8 44635 37769.4 42919.8 44635 37769.4 0.296792 28893.1
18 2013  551156 109088 122708 46685.3 32013 41083.1 46685.3 32013 41083.1 0.262495 28457.2
18 2014  4.20925e+06 76960.4 90785.2 45914.5 33725 40404.8 45914.5 33725 40404.8 0.413707 60333.1
18 2015  1.06734e+06 61951.8 146029 41474.8 42432.5 36497.8 41474.8 42432.5 36497.8 0.626923 84386.4
18 2016  1.65963e+06 98940.7 149790 42943.5 55344.2 37790.2 42943.5 55344.2 37790.2 0.507389 61308.3
18 2017  837275 117646 156368 40861.1 52043.6 35957.7 40861.1 52043.6 35957.7 0.457417 51954.3
18 2018  1.80282e+06 97311 123904 39694 43961 34930.7 39694 43961 34930.7 0.43223 47805.8
18 2019  6.27461e+06 81237.9 120114 36305.3 36755.9 31948.6 36305.3 36755.9 31948.6 0.430629 90013.1
18 2020  8.64067e+06 93278.7 247982 38943.8 41905.4 34270.5 38943.8 41905.4 34270.5 0.344797 212589
18 2021  3.61646e+06 209182 431927 44128.5 56902.3 38833.1 44128.5 56902.3 38833.1 0.221142 226515
18 2022  3.98814e+06 354434 475777 56889.5 47073.7 50062.8 56889.5 47073.7 50062.8 0.121035 184536
18 2023  NA 409491 NA NA NA NA NA NA NA NA NA
19 1974  267889 558023 861666 341457 274083 310725 341457 274083 310725 0.450828 0
19 1975  150870 487929 829525 308362 277866 280610 308362 277866 280610 0.531407 0
19 1976  188056 368024 730454 432832 268343 393877 432832 268343 393877 0.574587 0
19 1977  160581 292319 600366 242626 285567 220790 242626 285567 220790 0.73459 0
19 1978  340297 247209 456357 179361 144626 163218 179361 144626 163218 0.435845 0
19 1979  255899 240189 488533 144250 158363 131268 144250 158363 131268 0.464361 0
19 1980  251322 222080 470747 146784 166403 133573 146784 166403 133573 0.54183 0
19 1981  219098 211342 539571 150025 178128 136523 150025 178128 136523 0.498252 0
19 1982  264245 191979 544467 205438 184420 186949 205438 184420 186949 0.48907 0
19 1983  495231 197956 522159 205616 242094 187111 205616 242094 187111 0.714932 0
19 1984  267231 161924 417768 245308 158897 223230 245308 158897 223230 0.589173 0
19 1985  269641 140954 403097 280080 138611 254873 280080 138611 254873 0.597465 0
19 1986  157123 123755 444986 236972 191971 215644 236972 191971 215644 0.733667 0
19 1987  151509 128359 375232 195418 150360 177830 195418 150360 177830 0.625576 0
19 1988  206892 129799 354565 156418 163424 142340 156418 163424 142340 0.722021 0
19 1989  192785 109962 291461 126442 122585 115063 126442 122585 115063 0.666845 0
19 1990  211289 103813 269351 126902 96635.1 115481 126902 96635.1 115481 0.576221 0
19 1991  172392 97291.1 278431 133739 93714.6 121702 133739 93714.6 121702 0.533315 0
19 1992  505646 97705.7 309161 117430 79123.1 106862 117430 79123.1 106862 0.51053 0
19 1993  207783 112311 354003 135112 127838 122952 135112 127838 122952 0.735978 0
19 1994  306561 108652 366382 128816 91407 117223 128816 91407 117223 0.517975 0
19 1995  143065 133319 569858 143477 164196 130564 143477 164196 130564 0.661219 0
19 1996  263606 147027 499640 130551 161050 118801 130551 161050 118801 0.570298 0
19 1997  149009 180776 485660 121523 121111 110586 121523 121111 110586 0.408509 0
19 1998  330209 183494 422227 118480 114195 107816 118480 114195 107816 0.419985 0
19 1999  338128 190520 437217 120395 141883 109560 120395 141883 109560 0.575892 0
19 2000  244344 177039 438347 94675.6 103109 86154.8 94675.6 103109 86154.8 0.408785 0
19 2001  184850 186286 486213 104100 84061.6 94731.3 104100 84061.6 94731.3 0.312978 0
19 2002  292442 221672 570138 129849 139479 118162 129849 139479 118162 0.430516 0
19 2003  127740 208512 481559 121658 134781 110709 121658 134781 110709 0.463186 0
19 2004  156745 255290 527941 113792 114316 103551 113792 114316 103551 0.334659 0
19 2005  110664 235937 489430 119234 121041 108503 119234 121041 108503 0.381357 0
19 2006  111245 256066 474917 128711 120612 117127 128711 120612 117127 0.365535 0
19 2007  191092 237506 413730 106333 88946.5 96763.1 106333 88946.5 96763.1 0.30348 0
19 2008  105895 227198 391510 129887 117064 118197 129887 117064 118197 0.451297 0
19 2009  154042 217156 367866 114519 113661 104213 114519 113661 104213 0.466144 0
19 2010  145332 203707 380883 104723 118528 95297.9 104723 118528 95297.9 0.481531 0
19 2011  109539 158483 317952 102008 94338 92827.5 102008 94338 92827.5 0.454048 0
19 2012  129613 142247 299072 87049.1 79382.9 79214.6 87049.1 79382.9 79214.6 0.418563 0
19 2013  192835 143532 299500 87269.8 75098.2 79415.5 87269.8 75098.2 79415.5 0.381511 0
19 2014  183109 158787 311329 82171.6 82906.3 74776.2 82171.6 82906.3 74776.2 0.385525 0
19 2015  108399 162136 320162 81446.6 83926.2 74116.4 81446.6 83926.2 74116.4 0.404363 0
19 2016  95717.4 150867 335897 77671.3 83896.9 70680.9 77671.3 83896.9 70680.9 0.401829 0
19 2017  86181.2 165313 359833 94585.1 110301 86072.4 94585.1 110301 86072.4 0.476353 0
19 2018  104124 160382 318596 95446.2 103738 86856.1 95446.2 103738 86856.1 0.471541 0
19 2019  148471 166060 301413 96645.8 102607 87947.7 96645.8 102607 87947.7 0.483545 0
19 2020  179992 154092 276929 76819.8 71656.4 69906.1 76819.8 71656.4 69906.1 0.361673 0
19 2021  178446 147441 276962 50950.7 49853 46365.1 50950.7 49853 46365.1 0.255983 0
19 2022  178064 163782 329734 53805.5 55914.1 48963 53805.5 55914.1 48963 0.245772 0
19 2023  NA 186057 NA NA NA NA NA NA NA NA NA
20 1974  4.771e+06 4.98698e+06 5.63909e+06 604750 594838 220247 604750 594838 220247 0.12298 0
20 1975  4.47923e+06 4.80818e+06 5.59489e+06 780518 779685 466992 780518 779685 466992 0.163186 0
20 1976  2.99275e+06 4.60147e+06 5.4675e+06 826864 804408 205545 826864 804408 205545 0.184655 0
20 1977  762882 4.43618e+06 5.20733e+06 619776 606096 109430 619776 606096 109430 0.144383 0
20 1978  2.52945e+06 4.32935e+06 4.83926e+06 735619 733868 130770 735619 733868 130770 0.182306 0
20 1979  4.71666e+06 3.81759e+06 4.21075e+06 840578 809101 239951 840578 809101 239951 0.224988 0
20 1980  5.2644e+06 2.75417e+06 3.31352e+06 733063 715902 246183 733063 715902 246183 0.237913 0
20 1981  6.41293e+06 2.5141e+06 3.32204e+06 750656 670322 257298 750656 670322 257298 0.247221 0
20 1982  1.74254e+06 2.51213e+06 3.46481e+06 716385 650495 262855 716385 650495 262855 0.247207 0
20 1983  1.2628e+06 2.66611e+06 3.4477e+06 671927 550633 250657 671927 550633 250657 0.21181 0
20 1984  6.0902e+06 2.67732e+06 3.08291e+06 633027 582367 256929 633027 582367 256929 0.218727 0
20 1985  2.8424e+06 2.5616e+06 3.14792e+06 609877 592550 244303 609877 592550 244303 0.19448 0
20 1986  3.36587e+06 2.63006e+06 3.33821e+06 600246 548079 263876 600246 548079 263876 0.182338 0
20 1987  4.80003e+06 2.653e+06 3.23561e+06 654429 603319 287221 654429 603319 287221 0.199112 0
20 1988  3.11122e+06 2.64358e+06 3.35494e+06 677317 679673 295331 677317 679673 295331 0.21736 0
20 1989  4.07657e+06 2.52144e+06 3.2614e+06 582714 564035 255824 582714 564035 255824 0.185301 0
20 1990  3.04023e+06 2.68329e+06 3.3169e+06 624046 610083 271781 624046 610083 271781 0.199887 0
20 1991  3.32463e+06 2.80472e+06 3.42486e+06 674986 737148 296164 674986 737148 296164 0.238825 0
20 1992  4.03919e+06 2.76744e+06 3.26501e+06 758475 827352 332009 758475 827352 332009 0.278323 0
20 1993  4.5416e+06 2.6374e+06 3.18285e+06 823385 833259 360218 823385 833259 360218 0.315736 0
20 1994  3.83012e+06 2.55172e+06 3.1225e+06 817922 871744 357445 817922 871744 357445 0.341754 0
20 1995  3.4521e+06 2.55738e+06 3.14514e+06 755210 771091 331225 755210 771091 331225 0.324717 0
20 1996  3.41928e+06 2.43066e+06 2.94759e+06 561267 557643 244597 561267 557643 244597 0.240761 0
20 1997  2.80581e+06 2.45539e+06 2.9558e+06 570291 542614 248053 570291 542614 248053 0.234622 0
20 1998  2.86963e+06 2.44512e+06 2.8557e+06 662343 618385 263275 662343 618385 263275 0.266452 0
20 1999  3.2744e+06 2.38566e+06 2.78362e+06 636297 630062 253018 636297 630062 253018 0.273333 0
20 2000  1.96784e+06 2.25077e+06 2.64253e+06 736472 708830 292978 736472 708830 292978 0.326093 0
20 2001  4.26254e+06 2.09394e+06 2.42984e+06 735748 727820 315687 735748 727820 315687 0.367639 0
20 2002  5.77853e+06 1.80419e+06 2.19504e+06 770238 772231 311527 770238 772231 311527 0.441547 0
20 2003  3.65925e+06 1.80387e+06 2.40099e+06 678030 726426 268113 678030 726426 268113 0.424338 0
20 2004  5.03528e+06 2.15071e+06 2.62262e+06 684412 608840 274417 684412 608840 274417 0.448753 0
20 2005  8.15247e+06 2.082e+06 2.66458e+06 549854 464998 209035 549854 464998 209035 0.32044 0
20 2006  9.71685e+06 2.33745e+06 3.24654e+06 478373 445335 176491 478373 445335 176491 0.260406 0
20 2007  8.44993e+06 2.84566e+06 4.14199e+06 588318 616536 205685 588318 616536 205685 0.293241 0
20 2008  8.36876e+06 3.41548e+06 4.81198e+06 622041 689369 211552 622041 689369 211552 0.26162 0
20 2009  7.58221e+06 4.02099e+06 5.30303e+06 738620 737588 243763 738620 737588 243763 0.238206 0
20 2010  1.10113e+07 4.56798e+06 5.57959e+06 879073 807758 246258 879073 807758 246258 0.219973 0
20 2011  1.08584e+07 5.30811e+06 6.52936e+06 950185 873779 256746 950185 873779 256746 0.20499 0
20 2012  6.81169e+06 5.48085e+06 6.97692e+06 900343 856239 234469 900343 856239 234469 0.179887 0
20 2013  5.31418e+06 5.85575e+06 6.96013e+06 939365 930822 226080 939365 930822 226080 0.178988 0
20 2014  6.26655e+06 5.97756e+06 6.79282e+06 1.40348e+06 1.25589e+06 323234 1.40348e+06 1.25589e+06 323234 0.22625 0
20 2015  2.81801e+06 6.06227e+06 6.72844e+06 1.22245e+06 1.16447e+06 269730 1.22245e+06 1.16447e+06 269730 0.209465 0
20 2016  5.17694e+06 5.75306e+06 6.36934e+06 1.10266e+06 1.06824e+06 265663 1.10266e+06 1.06824e+06 265663 0.196866 0
20 2017  3.58763e+06 5.02452e+06 5.59065e+06 1.15921e+06 1.15729e+06 255887 1.15921e+06 1.15729e+06 255887 0.216752 0
20 2018  3.14669e+06 4.54208e+06 5.29066e+06 1.02296e+06 1.00181e+06 215939 1.02296e+06 1.00181e+06 215939 0.201516 0
20 2019  5.30976e+06 4.22115e+06 4.77427e+06 839839 823160 168765 839839 823160 168765 0.179275 0
20 2020  6.04707e+06 4.01452e+06 4.64279e+06 1.0395e+06 951092 209122 1.0395e+06 951092 209122 0.228224 0
20 2021  2.93898e+06 3.83808e+06 4.62476e+06 1.08167e+06 1.04158e+06 217715 1.08167e+06 1.04158e+06 217715 0.277346 0
20 2022  4.16352e+06 3.67319e+06 4.30926e+06 1.04695e+06 934164 210161 1.04695e+06 934164 210161 0.296037 0
20 2023  NA 3.34972e+06 NA NA NA NA NA NA NA NA NA
21 1974  9.71885e+06 231984 275426 266013 218655 266013 266013 218655 266013 0.694204 103315
21 1975  4.21509e+06 161751 206916 253937 229204 253937 253937 229204 253937 1.16734 58969.1
21 1976  2.43335e+06 91023 110697 159255 84774.4 159255 159255 84774.4 159255 0.685535 36629.3
21 1977  1.74144e+06 69014.9 81399.4 39314.4 17743.2 39314.4 39314.4 17743.2 39314.4 0.162006 32648.6
21 1978  1.33414e+06 83182 96831.3 0 0 0 0 0 0 0 35793.7
21 1979  4.38914e+06 114168 128654 0 0 0 0 0 0 0 51836
21 1980  1.44784e+07 146878 181008 73449.9 32569.3 73449.9 73449.9 32569.3 73449.9 0.103038 118108
21 1981  2.12606e+07 217667 312979 208745 85306 208745 208745 85306 208745 0.15291 249670
21 1982  2.97227e+07 375509 514184 277070 121379 277070 277070 121379 277070 0.132051 354725
21 1983  2.75099e+07 631356 836071 430216 315821 430216 430216 315821 430216 0.301201 391211
21 1984  2.94724e+07 946627 1.16975e+06 460933 616143 460933 460933 616143 460933 0.478852 402968
21 1985  4.33601e+07 1.02972e+06 1.2801e+06 659339 736300 659339 659339 736300 659339 0.544433 473070
21 1986  4.76251e+07 980804 1.25807e+06 752731 676011 752731 752731 676011 752731 0.464001 511354
21 1987  3.59922e+07 1.09922e+06 1.41898e+06 1.00873e+06 704826 1.00873e+06 1.00873e+06 704826 1.00873e+06 0.414452 532979
21 1988  2.28041e+07 1.36478e+06 1.6518e+06 1.14087e+06 731330 1.14087e+06 1.14087e+06 731330 1.14087e+06 0.395074 496798
21 1989  1.86981e+07 1.42799e+06 1.64788e+06 910318 631925 910318 910318 631925 910318 0.339152 396879
21 1990  2.01118e+07 1.50006e+06 1.6281e+06 739056 576970 739056 739056 576970 739056 0.325373 369000
21 1991  1.85109e+07 1.37744e+06 1.51147e+06 685045 594079 685045 685045 594079 685045 0.369084 314242
21 1992  2.87813e+07 1.13453e+06 1.36249e+06 764432 708992 764432 764432 708992 764432 0.50381 329312
21 1993  2.97966e+07 796096 1.1574e+06 687902 725607 687902 687902 725607 687902 0.655182 341343
21 1994  2.36051e+07 793227 1.03125e+06 597208 620002 597208 597208 620002 597208 0.590542 319834
21 1995  2.54688e+07 762167 1.00196e+06 595417 607065 595417 595417 607065 595417 0.610116 375679
21 1996  2.66801e+07 708519 924534 274372 265857 274372 274372 265857 274372 0.247339 387835
21 1997  1.72911e+07 826454 1.09561e+06 264056 271046 264056 264056 271046 264056 0.234719 404819
21 1998  1.43105e+07 1.08194e+06 1.36939e+06 380193 362556 380193 380193 362556 380193 0.382824 409962
21 1999  4.06884e+07 1.12795e+06 1.32879e+06 369622 298514 369622 369622 298514 369622 0.284536 463559
21 2000  2.6891e+07 1.16574e+06 1.48006e+06 421779 360133 421779 421779 360133 421779 0.297896 474036
21 2001  7.07072e+07 1.55259e+06 1.90185e+06 363691 364570 363691 363691 364570 363691 0.229072 825343
21 2002  2.80212e+07 1.937e+06 2.40749e+06 390438 395898 390438 390438 395898 390438 0.211433 988242
21 2003  1.76595e+07 2.16263e+06 3.10973e+06 487432 528680 487432 487432 528680 487432 0.235589 877346
21 2004  1.953e+07 2.3812e+06 3.10013e+06 589576 628398 589576 589576 628398 589576 0.247201 890899
21 2005  1.37374e+07 2.33476e+06 2.55636e+06 665396 706467 665396 665396 706467 665396 0.315421 660588
21 2006  1.60401e+07 1.71296e+06 1.919e+06 513247 470950 513247 513247 470950 513247 0.25156 537014
21 2007  2.18505e+07 1.31543e+06 1.48875e+06 406368 335499 406368 406368 335499 406368 0.221529 497406
21 2008  2.0141e+07 1.15891e+06 1.30043e+06 258713 216484 258713 258713 216484 258713 0.154451 446260
21 2009  2.43274e+07 1.30967e+06 1.44694e+06 168589 153311 168589 168589 153311 168589 0.0915693 441857
21 2010  2.38489e+07 1.40021e+06 1.78388e+06 186255 192957 186255 186255 192957 186255 0.108342 512527
21 2011  1.93911e+07 1.87391e+06 2.13826e+06 224049 208742 224049 224049 208742 224049 0.103767 587325
21 2012  2.07295e+07 2.17615e+06 2.30753e+06 434509 428833 434509 434509 428833 434509 0.196434 586672
21 2013  3.51414e+07 1.95597e+06 2.12477e+06 511220 477996 511220 511220 477996 511220 0.232986 600252
21 2014  3.88577e+07 1.73139e+06 1.94985e+06 518042 439008 518042 518042 439008 518042 0.224113 636729
21 2015  1.29811e+07 1.65669e+06 2.09024e+06 494949 454485 494949 494949 454485 494949 0.245933 564561
21 2016  1.54406e+07 1.9333e+06 2.30227e+06 563618 471255 563618 563618 471255 563618 0.236735 582991
21 2017  8.23892e+06 1.81647e+06 2.03277e+06 490975 329661 490975 490975 329661 490975 0.17437 506076
21 2018  1.57582e+07 1.61082e+06 1.86802e+06 591798 392528 591798 591798 392528 591798 0.214047 463972
21 2019  1.36363e+07 1.3661e+06 1.51928e+06 432123 316807 432123 432123 316807 432123 0.189822 355056
21 2020  1.71955e+07 1.28562e+06 1.44105e+06 427687 316724 427687 427687 316724 427687 0.215561 331255
21 2021  1.38795e+07 1.25897e+06 1.42684e+06 374908 264839 374908 374908 264839 374908 0.187601 372546
21 2022  1.7986e+07 1.28063e+06 1.46727e+06 445987 326646 445987 445987 326646 445987 0.250182 441330
21 2023  NA 1.13503e+06 NA NA NA NA NA NA NA NA NA
22 1974  3.55589e+08 387007 1.14355e+06 220388 190624 220388 220388 190624 220388 0.192718 1.45594e+06
22 1975  2.11098e+08 536967 944753 196585 185699 196585 196585 185699 196585 0.256565 1.01595e+06
22 1976  2.20091e+08 294926 598449 110245 112419 110245 110245 112419 110245 0.234921 717054
22 1977  1.24129e+08 227918 613163 271729 259497 271729 271729 259497 271729 0.56645 470851
22 1978  2.12512e+08 215656 471093 133700 129290 133700 133700 129290 133700 0.295732 511634
22 1979  3.16278e+08 265568 666096 202374 72867.7 202374 202374 72867.7 202374 0.112106 817136
22 1980  1.72516e+08 446023 1.02885e+06 303285 281730 303285 303285 281730 303285 0.353621 916038
22 1981  2.24837e+08 422178 731223 152257 145526 152257 152257 145526 152257 0.238128 813752
22 1982  1.97107e+08 314436 631512 87780.1 108039 87780.1 87780.1 108039 87780.1 0.220128 633460
22 1983  1.73432e+08 315834 700481 81410.9 59485.5 81410.9 81410.9 59485.5 81410.9 0.0920949 639010
22 1984  1.21004e+08 449420 816570 97872.5 62762.2 97872.5 97872.5 62762.2 97872.5 0.089884 686404
22 1985  2.22932e+08 493506 751218 89680 102280 89680 89680 102280 89680 0.149235 654947
22 1986  2.4931e+08 456807 938244 380423 237389 380423 380423 237389 380423 0.378656 790798
22 1987  1.22262e+08 450649 899418 406697 197024 406697 406697 197024 406697 0.267027 740004
22 1988  3.26165e+08 416352 614084 372984 228268 372984 372984 228268 372984 0.402269 730990
22 1989  1.9251e+08 306391 799805 492321 452454 492321 492321 452454 492321 0.92704 590527
22 1990  3.09483e+08 225882 488558 220066 318333 220066 220066 318333 220066 0.755379 656862
22 1991  3.11951e+08 171535 562390 376987 303543 376987 376987 303543 376987 0.549915 757838
22 1992  4.42289e+08 218176 634319 178362 199102 178362 178362 199102 178362 0.300995 1.12592e+06
22 1993  5.12101e+08 289386 773616 247966 152226 247966 247966 152226 247966 0.205178 1.33398e+06
22 1994  6.09233e+08 360326 1.03395e+06 499686 466227 499686 499686 466227 499686 0.83651 1.37148e+06
22 1995  2.37456e+08 279344 1.01343e+06 407424 312523 407424 407424 312523 407424 0.328649 1.06953e+06
22 1996  7.96775e+08 322230 637588 286113 255424 286113 286113 255424 286113 0.330516 1.18978e+06
22 1997  1.08219e+08 303424 1.91328e+06 581619 411083 581619 581619 411083 581619 0.36537 1.23763e+06
22 1998  1.67336e+08 685172 1.02326e+06 506445 337872 506445 506445 337872 506445 0.459889 670893
22 1999  4.53221e+08 381097 709581 261940 215819 261940 261940 215819 261940 0.320448 960352
22 2000  1.90185e+08 348132 1.11148e+06 273480 334737 273480 273480 334737 273480 0.436568 928550
22 2001  1.66128e+08 279402 608181 234252 102479 234252 234252 102479 234252 0.257324 652382
22 2002  3.29733e+07 165147 454165 162661 173452 162661 162661 173452 162661 0.660242 294217
22 2003  8.36266e+07 92441.7 162752 58421.6 42810.7 58421.6 58421.6 42810.7 58421.6 0.390595 199289
22 2004  4.49671e+07 51911.2 206033 77882.4 102173 77882.4 77882.4 102173 77882.4 0.892062 150464
22 2005  6.84399e+07 36757.8 126036 23886.7 21728 23886.7 23886.7 21728 23886.7 0.274778 169847
22 2006  8.57628e+07 43316.5 174976 16483.1 12109.2 16483.1 16483.1 12109.2 16483.1 0.10395 231210
22 2007  6.31107e+07 67657.3 244787 90990 64695.9 90990 90990 64695.9 90990 0.322738 230255
22 2008  7.04302e+07 76684.7 215646 88488.6 148294 88488.6 88488.6 148294 88488.6 1.10654 176037
22 2009  1.1186e+08 39768.4 197706 29844.7 13360.2 29844.7 29844.7 13360.2 29844.7 0.110801 246110
22 2010  1.50399e+07 95017.3 380141 76705.8 89014.5 76705.8 76705.8 89014.5 76705.8 0.308322 224887
22 2011  1.5241e+07 136474 199580 95913.9 56252.4 95913.9 95913.9 56252.4 95913.9 0.271219 120797
22 2012  8.02811e+07 71761.8 105009 43055.2 11509.6 43055.2 43055.2 11509.6 43055.2 0.09211 162151
22 2013  1.08624e+08 53724.9 222313 25480.3 27463.4 25480.3 25480.3 27463.4 25480.3 0.202714 260971
22 2014  1.26442e+08 88965.1 366515 137976 178640 137976 137976 178640 137976 0.883053 311916
22 2015  1.22442e+07 94646.8 413116 119697 131719 119697 119697 131719 119697 0.46968 244616
22 2016  3.73689e+08 118098 169330 46907.6 38628.5 46907.6 46907.6 38628.5 46907.6 0.243931 489283
22 2017  2.23974e+07 118955 1.0643e+06 204511 154773 204511 204511 154773 204511 0.300602 645002
22 2018  1.15572e+08 391447 550447 112208 123618 112208 112208 123618 112208 0.305936 355065
22 2019  2.48709e+08 242450 534543 145579 124287 145579 145579 124287 145579 0.32527 537214
22 2020  1.05484e+08 248331 897349 304897 239490 304897 304897 239490 304897 0.392638 654396
22 2021  8.83745e+07 279326 542001 182528 118911 182528 182528 118911 182528 0.296443 478907
22 2022  6.14687e+07 144721 318379 140040 103361 140040 140040 103361 140040 0.448538 290578
22 2023  NA 69575.3 NA NA NA NA NA NA NA NA NA
23 1974  2.37474e+08 432931 767086 118670 85642.7 118670 118670 85642.7 118670 0.102486 576692
23 1975  9.70443e+07 348293 1.0242e+06 162704 150314 162704 162704 150314 162704 0.16242 635773
23 1976  1.70413e+08 473819 805431 316414 288501 316414 316414 288501 316414 0.389546 492496
23 1977  2.81951e+08 269689 743134 314952 247455 314952 314952 247455 314952 0.391745 439854
23 1978  1.32456e+08 316336 1.22659e+06 665810 533600 665810 665810 533600 665810 0.629505 572642
23 1979  1.65894e+08 449703 893592 481048 517481 481048 481048 517481 481048 0.7687 297230
23 1980  1.05254e+08 303728 864499 420808 385954 420808 420808 385954 420808 0.594239 323674
23 1981  3.65215e+08 385325 760052 375286 362694 375286 375286 362694 375286 0.665582 576236
23 1982  3.54157e+07 224383 1.12708e+06 537998 519115 537998 537998 519115 537998 0.741317 452539
23 1983  2.73877e+08 432585 608690 455491 224828 455491 455491 224828 455491 0.415502 349192
23 1984  9.94202e+07 255518 1.05581e+06 569182 394902 569182 569182 394902 569182 0.542014 508382
23 1985  3.26174e+08 475104 813186 532829 497090 532829 532829 497090 532829 0.910706 372684
23 1986  7.97502e+07 222664 1.19067e+06 465159 306578 465159 465159 306578 465159 0.366506 605499
23 1987  7.00527e+07 644984 976717 415769 249262 415769 415769 249262 415769 0.259314 445805
23 1988  2.09366e+08 480512 696849 518102 310592 518102 518102 310592 518102 0.478052 351153
23 1989  1.13207e+08 263831 881076 536102 336877 536102 536102 336877 536102 0.59799 422000
23 1990  1.49501e+08 351740 717947 370075 391571 370075 370075 391571 370075 0.773309 343335
23 1991  2.65658e+08 209343 636117 464214 338948 464214 464214 338948 464214 0.534201 415185
23 1992  6.28663e+07 267454 1.05226e+06 673907 466374 673907 673907 466374 673907 0.486799 490344
23 1993  2.04915e+08 463182 708824 281050 296590 281050 281050 296590 281050 0.427962 368933
23 1994  2.98162e+08 286975 890750 283238 270557 283238 283238 270557 283238 0.39491 530734
23 1995  9.23181e+07 417412 1.33161e+06 496112 432676 496112 496112 432676 496112 0.339979 642931
23 1996  4.92627e+08 614851 944046 452057 416263 452057 452057 416263 452057 0.541112 590749
23 1997  8.6911e+07 335879 1.76094e+06 552475 424468 552475 552475 424468 552475 0.31145 795227
23 1998  1.43641e+08 865779 1.24065e+06 485678 491235 485678 485678 491235 485678 0.47902 551171
23 1999  2.22677e+08 437870 822403 471932 423634 471932 471932 423634 471932 0.737905 478232
23 2000  2.807e+08 194745 743728 370347 309261 370347 370347 309261 370347 0.541879 504820
23 2001  3.56899e+08 269436 1.00044e+06 595721 441987 595721 595721 441987 595721 0.914129 598377
23 2002  4.36244e+07 259151 1.18342e+06 645902 458859 645902 645902 458859 645902 0.593538 520995
23 2003  1.66948e+08 393831 559838 232654 254679 232654 232654 254679 232654 0.801339 350386
23 2004  9.16366e+07 105335 483849 264457 186243 264457 264457 186243 264457 0.683894 279609
23 2005  2.12183e+08 136739 372286 143318 159351 143318 143318 159351 143318 0.579503 347950
23 2006  1.68775e+08 106089 587669 267630 242761 267630 267630 242761 267630 0.614652 434238
23 2007  3.03004e+08 166660 545013 114319 114890 114319 114319 114890 114319 0.274586 604396
23 2008  1.54001e+08 185128 814888 245289 242548 245289 245289 242548 245289 0.389498 593658
23 2009  6.72322e+08 263425 620958 304305 347331 304305 304305 347331 304305 0.694002 742590
23 2010  9.00002e+07 177033 1.7386e+06 324785 270972 324785 324785 270972 324785 0.206585 1.01197e+06
23 2011  1.17012e+08 830918 1.18405e+06 340287 203534 340287 340287 203534 340287 0.18858 834629
23 2012  2.22409e+08 381899 613123 56692.5 38609.2 56692.5 56692.5 38609.2 56692.5 0.0531932 633205
23 2013  1.61318e+08 226297 633770 236658 237195 236658 236658 237195 236658 0.651364 438700
23 2014  2.91998e+08 142927 488018 91156 104738 91156 91156 104738 91156 0.314665 521275
23 2015  7.47687e+07 174140 809369 188928 175440 188928 188928 175440 188928 0.321548 529399
23 2016  3.10563e+08 289255 480210 22561 17899 22561 22561 17899 22561 0.0348853 572466
23 2017  3.46002e+07 204883 868379 276566 244116 276566 276566 244116 276566 0.439128 452606
23 2018  5.04508e+07 297040 416385 150533 161292 150533 150533 161292 150533 0.598476 205111
23 2019  1.14036e+08 96763 215192 66204.3 57277.9 66204.3 66204.3 57277.9 66204.3 0.380008 170874
23 2020  6.61151e+07 78920.9 365373 129666 111132 129666 129666 111132 129666 0.362512 224221
23 2021  1.06741e+08 142415 317377 46720 37981.6 46720 46720 37981.6 46720 0.131752 263328
23 2022  9.84531e+07 136500 394645 11759.9 10563.7 11759.9 11759.9 10563.7 11759.9 0.0236384 274622
23 2023  NA 215620 NA NA NA NA NA NA NA NA NA
24 1974  2.27398e+08 288858 1.10682e+06 732535 610514 732535 732535 610514 732535 1.60807 1.47262e+06
24 1975  3.7109e+08 291205 836650 508262 421607 508262 508262 421607 508262 1.10591 1.74659e+06
24 1976  2.9552e+08 370406 1.19262e+06 472608 478595 472608 472608 478595 472608 0.992821 1.91652e+06
24 1977  1.34519e+08 364359 1.01926e+06 383967 330438 383967 383967 330438 383967 0.677069 1.28302e+06
24 1978  2.17346e+08 316130 661623 253756 269009 253756 253756 269009 253756 0.758294 1.10407e+06
24 1979  2.1347e+08 263495 839698 339898 345872 339898 339898 345872 339898 0.831205 1.21302e+06
24 1980  5.58832e+07 390490 1.0343e+06 534650 472718 534650 534650 472718 534650 0.974079 1.0176e+06
24 1981  1.57922e+08 273221 404501 431928 146153 431928 431928 146153 431928 0.600088 801079
24 1982  1.73434e+08 121406 447051 390197 157294 390197 390197 157294 390197 0.732468 878206
24 1983  1.78908e+08 222729 675335 475746 330956 475746 475746 330956 475746 0.990018 936534
24 1984  7.41626e+07 322381 873856 376484 391666 376484 376484 391666 376484 1.1815 847151
24 1985  1.03428e+08 274003 458270 227635 309376 227635 227635 309376 227635 1.80507 542220
24 1986  9.18491e+07 99994.6 353162 180330 132608 180330 180330 132608 180330 0.693163 589418
24 1987  5.27952e+07 153332 363963 148943 186862 148943 148943 186862 148943 1.20622 428998
24 1988  7.64877e+07 94313.7 204257 109219 88774.7 109219 109219 88774.7 109219 0.652377 380575
24 1989  7.70648e+07 98755.1 283074 166974 135189 166974 166974 135189 166974 0.879617 443381
24 1990  7.74029e+07 128318 315799 138841 135158 138841 138841 135158 138841 0.784139 453933
24 1991  1.5915e+08 145785 343972 189819 234954 189819 189819 234954 189819 1.16345 630386
24 1992  7.28348e+07 191260 635562 302275 256522 302275 302275 256522 302275 0.65321 722838
24 1993  5.9058e+07 326488 495266 181098 327291 181098 181098 327291 181098 1.33806 436602
24 1994  1.63364e+08 98347.9 237324 183618 135074 183618 183618 135074 183618 0.782281 600545
24 1995  7.41364e+07 177480 627579 231894 160224 231894 231894 160224 231894 0.475483 835257
24 1996  1.2416e+08 277420 436413 156224 157068 156224 156224 157068 156224 0.507765 645798
24 1997  3.23783e+07 186652 539764 156781 139189 156781 156781 139189 156781 0.509107 584235
24 1998  6.79627e+07 222564 302389 73980.5 84285 73980.5 73980.5 84285 73980.5 0.392119 423748
24 1999  1.11773e+08 110666 272372 92388.1 88600 92388.1 92388.1 88600 92388.1 0.529546 526554
24 2000  4.49228e+07 155721 451750 185103 143137 185103 185103 143137 185103 0.533173 528497
24 2001  5.92241e+07 212054 315119 64358.3 51229.3 64358.3 64358.3 51229.3 64358.3 0.20006 470784
24 2002  3.29354e+07 107414 223312 77138.2 64690.2 77138.2 77138.2 64690.2 77138.2 0.468999 306991
24 2003  1.46737e+07 61142.6 127278 24569.2 29616 24569.2 24569.2 29616 24569.2 0.426434 166484
24 2004  2.02267e+07 37637.9 69635.3 13487.8 14624.6 13487.8 13487.8 14624.6 13487.8 0.279557 132460
24 2005  5.35572e+07 24986.9 66516.4 41.44 0 41.44 41.44 0 41.44 0 231779
24 2006  4.32951e+07 54349 175677 46529 36328.6 46529 46529 36328.6 46529 0.360868 323209
24 2007  7.0704e+07 72022 160075 5799.45 0 5799.45 5799.45 0 5799.45 0 392179
24 2008  1.23276e+08 92786.9 235920 34843.6 21612.3 34843.6 34843.6 21612.3 34843.6 0.140078 633332
24 2009  1.47958e+08 127557 383564 45821.5 36140.8 45821.5 45821.5 36140.8 45821.5 0.136445 832233
24 2010  3.54164e+07 222964 582117 131191 136050 131191 131191 136050 131191 0.381206 725834
24 2011  6.71056e+07 184118 254222 6839.87 4148.54 6839.87 6839.87 4148.54 6839.87 0.0161606 487654
24 2012  1.42741e+08 81002.4 188306 26946.1 4756.83 26946.1 26946.1 4756.83 26946.1 0.0272086 664032
24 2013  4.91698e+07 107430 377247 82179.4 51242.8 82179.4 82179.4 51242.8 82179.4 0.264902 592257
24 2014  1.38794e+08 110815 199263 44189.1 37563.6 44189.1 44189.1 37563.6 44189.1 0.236487 620200
24 2015  6.99845e+07 104670 402606 57351.2 51797.8 57351.2 57351.2 51797.8 57351.2 0.280641 671283
24 2016  1.07766e+08 167944 306050 60202.7 69669.2 60202.7 60202.7 69669.2 60202.7 0.37215 633159
24 2017  4.90114e+07 100436 314491 33940.9 26865.1 33940.9 33940.9 26865.1 33940.9 0.164069 535469
24 2018  1.12035e+08 103111 185290 36151.5 35278.4 36151.5 36151.5 35278.4 36151.5 0.300443 515658
24 2019  1.10439e+08 93847.1 341344 97554.6 68097.9 97554.6 97554.6 68097.9 97554.6 0.439972 643948
24 2020  8.9606e+07 195120 491209 129545 144881 129545 129545 144881 129545 0.591845 727581
24 2021  6.83748e+07 192514 400309 71943.1 91285.4 71943.1 71943.1 91285.4 71943.1 0.420995 605985
24 2022  1.27493e+08 119791 262792 35717.9 29835.7 35717.9 35717.9 29835.7 35717.9 0.180511 688583
24 2023  NA 101162 NA NA NA NA NA NA NA NA NA
25 1974  3.27843e+08 431131 751825 354208 394889 322329 354208 394889 322329 0.589469 1.70134e+06
25 1975  6.54932e+08 528752 897529 773773 668842 704133 773773 668842 704133 1.18838 2.7978e+06
25 1976  2.15589e+08 601887 1.24616e+06 636786 681339 579475 636786 681339 579475 1.13314 1.31711e+06
25 1977  3.46529e+08 346442 565960 341809 411317 311047 341809 411317 311047 1.22313 1.23407e+06
25 1978  4.9062e+08 314146 652509 431459 268587 392628 431459 268587 392628 0.555975 1.40849e+06
25 1979  4.18369e+08 502665 883252 451078 370778 410481 451078 370778 410481 0.407561 1.63035e+06
25 1980  1.13236e+08 704919 1.0621e+06 407809 710540 371106 407809 710540 371106 1.63584 964839
25 1981  4.92251e+07 204262 320864 284613 252987 258998 284613 252987 258998 1.13339 350723
25 1982  4.33014e+07 88565.2 147064 182734 80538.4 166288 182734 80538.4 166288 0.668307 229725
25 1983  6.20622e+07 164191 301159 80083.6 129224 72876 80083.6 129224 72876 2.23354 303350
25 1984  5.32856e+07 84520.3 182682 104218 48687.8 94838.5 104218 48687.8 94838.5 0.430525 304703
25 1985  3.84087e+07 207089 359285 69201.7 75902.3 62973.5 69201.7 75902.3 62973.5 0.458289 280332
25 1986  6.97808e+07 127439 212256 27252.1 103992 24799.4 27252.1 103992 24799.4 2.01597 312333
25 1987  7.96493e+07 118468 270422 46361.4 23955.1 42188.9 46361.4 23955.1 42188.9 0.275954 427769
25 1988  6.28209e+07 201858 376814 73341.6 103254 66740.9 73341.6 103254 66740.9 0.90348 421142
25 1989  1.40135e+08 119368 224598 72798.5 7633.13 66246.6 72798.5 7633.13 66246.6 0.0641754 535147
25 1990  1.19488e+08 260870 515511 82312.6 146455 74904.5 82312.6 146455 74904.5 1.30508 650716
25 1991  6.41925e+07 152179 297275 118017 54916.1 107396 118017 54916.1 107396 0.165692 579904
25 1992  1.13048e+08 147451 234588 133330 93326.3 121330 133330 93326.3 121330 0.397234 568379
25 1993  2.10857e+08 148456 263579 196481 123637 178797 196481 123637 178797 0.539624 833671
25 1994  1.49122e+08 221681 411117 396974 141712 361246 396974 141712 361246 0.398953 741085
25 1995  3.38279e+07 337418 530663 407769 303421 371069 407769 303421 371069 0.789595 417915
25 1996  6.36457e+07 214584 299067 143651 118956 130722 143651 118956 130722 0.588026 331326
25 1997  4.76766e+07 122699 233768 118277 68775.9 107632 118277 68775.9 107632 0.382374 302612
25 1998  1.11768e+08 215962 343427 154505 165505 140599 154505 165505 140599 1.16437 451712
25 1999  7.16604e+07 118566 254048 214119 123271 194848 214119 123271 194848 0.741135 359333
25 2000  5.04584e+07 133860 217523 215482 244722 196089 215482 244722 196089 1.80279 310773
25 2001  6.52624e+07 77900.5 150865 196622 44977.8 178926 196622 44977.8 178926 0.38082 310070
25 2002  6.35596e+07 230573 421644 153710 143769 139876 153710 143769 139876 0.964992 346756
25 2003  8.54673e+07 108758 197860 176392 104509 160517 176392 104509 160517 0.673355 406824
25 2004  2.02033e+08 208640 407167 113696 116863 103463 113696 116863 103463 0.621648 759765
25 2005  6.30372e+07 215309 438102 241424 171089 222110 241424 171089 222110 0.454311 512368
25 2006  9.17611e+07 258538 395506 124161 261301 114228 124161 261301 114228 0.984704 470053
25 2007  5.93928e+07 231975 453310 95525 45509.2 88838.2 95525 45509.2 88838.2 0.20381 466392
25 2008  1.47025e+08 138257 217569 60788.6 135261 56533.4 60788.6 135261 56533.4 0.985161 662704
25 2009  9.20317e+07 248607 540274 140648 62725.8 132209 140648 62725.8 132209 0.266564 586448
25 2010  9.87428e+07 208528 336970 150586 98510.2 141551 150586 98510.2 141551 0.381259 512392
25 2011  9.72524e+07 189222 336675 142520 85253.6 135394 142520 85253.6 135394 0.42586 510663
25 2012  4.97227e+07 229227 407987 93353.8 55882.2 88686.1 93353.8 55882.2 88686.1 0.340087 455365
25 2013  1.77242e+08 81404.5 131499 62517.8 29931.7 59391.9 62517.8 29931.7 59391.9 0.228676 616677
25 2014  1.34111e+08 355179 751993 127560 58173.5 122458 127560 58173.5 122458 0.23084 825964
25 2015  1.24433e+08 303752 512672 288272 158287 276741 288272 158287 276741 0.454482 753026
25 2016  1.48481e+08 213151 342490 211103 164012 202659 211103 164012 202659 0.716687 559521
25 2017  2.41803e+08 158146 294487 113925 69846 110507 113925 69846 110507 0.264152 717408
25 2018  1.88577e+08 285620 524401 158846 199736 154081 158846 199736 154081 0.627242 743470
25 2019  1.31628e+08 288774 490890 134858 132512 130813 134858 132512 130813 0.373426 603937
25 2020  1.21069e+08 275768 426819 181117 182334 175683 181117 182334 175683 0.422759 556693
25 2021  1.79052e+08 202036 325135 76132.8 76667.1 73848.8 76132.8 76667.1 73848.8 0.282767 652415
25 2022  3.13346e+08 201643 365278 81599.6 58999.3 79967.7 81599.6 58999.3 79967.7 0.145767 889403
25 2023  NA 366368 NA NA NA NA NA NA NA NA NA
26 1974  1.92572e+06 498128 774750 157427 160182 157427 157427 160182 157427 0.284337 0
26 1975  1.5562e+06 511507 836632 195349 193716 195349 195349 193716 195349 0.336815 0
26 1976  2.25208e+06 524557 815750 166997 162669 166997 166997 162669 166997 0.269542 0
26 1977  1.84334e+06 517598 799695 176623 160105 176623 176623 160105 176623 0.294488 0
26 1978  1.93667e+06 502849 771672 159539 148891 159539 159539 148891 159539 0.268577 0
26 1979  2.60431e+06 477013 758702 213145 201214 213145 213145 201214 213145 0.407471 0
26 1980  2.25703e+06 466815 733385 171852 163878 171852 171852 163878 171852 0.324738 0
26 1981  4.87913e+06 442615 683185 174140 174804 174140 174140 174804 174140 0.337654 0
26 1982  3.30136e+06 429306 810470 205329 203708 205329 205329 203708 205329 0.37384 0
26 1983  3.08608e+06 518254 885414 220537 219271 220537 220537 219271 220537 0.357773 0
26 1984  3.94627e+06 535583 916566 236422 235258 236422 236422 235258 236422 0.373094 0
26 1985  9.60033e+06 566477 955574 232241 226083 232241 232241 226083 232241 0.342602 0
26 1986  4.50669e+06 595626 1.21111e+06 308262 299236 308262 308262 299236 308262 0.426668 0
26 1987  4.54436e+06 688325 1.18607e+06 358749 324751 358749 358749 324751 358749 0.434648 0
26 1988  3.3081e+06 596905 1.05024e+06 324772 322143 324772 324772 322143 324772 0.457903 0
26 1989  2.84645e+06 626700 958778 286704 284587 286704 286704 284587 286704 0.406514 0
26 1990  2.70005e+06 566594 865050 240832 240716 240832 240832 240716 240832 0.399141 0
26 1991  2.30536e+06 533638 831012 237986 250794 237986 237986 250794 237986 0.467583 0
26 1992  1.46743e+06 455746 707012 193692 221688 193692 193692 221688 193692 0.495199 0
26 1993  1.35228e+06 402868 612351 163524 196807 163524 163524 196807 163524 0.47741 0
26 1994  2.08562e+06 340727 523353 145745 169789 145745 145745 169789 145745 0.47919 0
26 1995  2.04538e+06 317111 512316 131248 142425 131248 131248 142425 131248 0.455934 0
26 1996  5.79443e+06 282810 471545 143394 144997 143394 143394 144997 143394 0.517271 0
26 1997  2.21643e+06 264944 576987 192969 158698 192969 192969 158698 192969 0.579776 0
26 1998  2.01727e+06 311708 560774 183655 163034 183655 183655 163034 183655 0.495731 0
26 1999  2.27074e+06 295083 534583 160881 174204 160881 160881 174204 160881 0.502964 0
26 2000  1.38895e+06 304666 514457 135015 128073 135015 135015 128073 135015 0.366894 0
26 2001  3.93272e+06 331702 540991 193367 145413 193367 193367 145413 193367 0.448186 0
26 2002  1.27907e+06 293834 578262 134404 131705 134404 134404 131705 134404 0.418293 0
26 2003  2.69098e+06 338291 564759 154023 131404 154023 154023 131404 154023 0.369057 0
26 2004  1.85855e+06 318884 584550 127824 97041.4 127824 127824 97041.4 127824 0.256265 0
26 2005  2.02139e+06 370349 583478 118885 102684 118885 118885 102684 118885 0.251962 0
26 2006  3.18003e+06 397515 641400 131169 106038 131169 131169 106038 131169 0.245153 0
26 2007  2.74938e+06 381169 641725 101029 108303 101029 101029 108303 101029 0.247441 0
26 2008  2.61866e+06 448282 733073 105289 95734.4 105289 105289 95734.4 105289 0.183762 0
26 2009  3.29812e+06 525014 838854 108299 121136 108299 108299 121136 108299 0.205863 0
26 2010  3.85274e+06 584327 911925 116972 115237 116972 116972 115237 116972 0.180983 0
26 2011  3.19979e+06 561155 873941 118106 139546 118106 118106 139546 118106 0.222083 0
26 2012  3.43011e+06 542233 871726 141842 137656 141842 141842 137656 141842 0.213881 0
26 2013  3.56407e+06 584661 910458 126360 123843 126360 126360 123843 126360 0.187178 0
26 2014  1.98438e+06 636518 978244 133664 129860 133664 133664 129860 133664 0.200269 0
26 2015  2.15143e+06 560739 735145 134577 137962 134577 134577 137962 134577 0.217691 0
26 2016  2.98537e+06 535460 697768 136931 142689 136931 136931 142689 136931 0.250028 0
26 2017  1.9706e+06 507564 678426 114281 107523 114281 114281 107523 114281 0.203511 0
26 2018  4.3546e+06 435600 594596 105954 104549 105954 105954 104549 105954 0.2274 0
26 2019  2.65982e+06 401079 580207 86015.4 83313 86015.4 86015.4 83313 86015.4 0.179448 0
26 2020  2.18958e+06 421269 592877 79078.7 84722.1 79078.7 79078.7 84722.1 79078.7 0.177904 0
26 2021  7.0902e+06 438708 631654 73222.5 71464.7 73222.5 73222.5 71464.7 73222.5 0.140444 0
26 2022  3.15949e+06 431353 671519 64879 66775.8 64879 64879 66775.8 64879 0.128449 0
26 2023  NA 524570 NA NA NA NA NA NA NA NA NA
27 1974  49345.8 41109.7 59652 17985.6 18546.4 17985.6 17985.6 18546.4 17985.6 0.459969 0
27 1975  111653 43370.2 58644.7 20769.5 20005.9 20769.5 20769.5 20005.9 20769.5 0.467514 0
27 1976  139807 43000.1 52736.2 17322.2 17525.8 17322.2 17322.2 17525.8 17322.2 0.435077 0
27 1977  51273.8 35230.6 53985.2 18000.7 15070.4 18000.7 18000.7 15070.4 18000.7 0.395672 0
27 1978  15071.1 40178 58582.5 20275.7 20957.6 20275.7 20275.7 20957.6 20275.7 0.485299 0
27 1979  149577 46299.9 53462.7 22594.9 21740.7 22594.9 22594.9 21740.7 22594.9 0.477355 0
27 1980  156925 36420.9 44002.2 15803.2 16106.3 15803.2 15803.2 16106.3 15803.2 0.479343 0
27 1981  146287 25311.8 50376.1 15399.8 14025.8 15399.8 15399.8 14025.8 15399.8 0.476119 0
27 1982  148725 34158.3 58638.2 21574.5 20608.8 21574.5 21574.5 20608.8 21574.5 0.536018 0
27 1983  77651.1 41703.5 66363.4 24924.2 22986.3 24924.2 24924.2 22986.3 24924.2 0.505412 0
27 1984  93299 45124.1 65805 26836.7 26838.3 26836.7 26836.7 26838.3 26836.7 0.578662 0
27 1985  149585 41845.9 54750 24245.4 23230 24245.4 24245.4 23230 24245.4 0.542119 0
27 1986  69075.5 36605.6 54375.2 18197.7 20952.4 18197.7 18197.7 20952.4 18197.7 0.591899 0
27 1987  502735 30649.8 53711.3 17365.1 16995.5 17365.1 17365.1 16995.5 17365.1 0.485673 0
27 1988  112848 38101.3 69902.7 21586.8 19135.3 21586.8 21586.8 19135.3 21586.8 0.496478 0
27 1989  226101 33943.7 96736.6 21801.5 24151.3 21801.5 21801.5 24151.3 21801.5 0.409609 0
27 1990  84369.1 91220.8 116324 35118.1 36949.1 35118.1 35118.1 36949.1 35118.1 0.425478 0
27 1991  400846 77579.6 108174 33511.2 39297.6 33511.2 33511.2 39297.6 33511.2 0.474093 0
27 1992  83569 76700.7 106875 29338.8 33465.5 29338.8 29338.8 33465.5 29338.8 0.464291 0
27 1993  59175.2 53392.9 100695 31489.1 33859.5 31489.1 31489.1 33859.5 31489.1 0.50326 0
27 1994  97869.1 73823.5 86713.4 33000 35655.4 33000 33000 35655.4 33000 0.537889 0
27 1995  61660.1 57932.6 70110.2 30466.3 26975.1 30466.3 30466.3 26975.1 30466.3 0.504815 0
27 1996  249520 39365.4 54426.8 22648.1 25912 22648.1 22648.1 25912 22648.1 0.715535 0
27 1997  112731 28134.2 47731.9 14899.4 16313.3 14899.4 14899.4 16313.3 14899.4 0.60496 0
27 1998  91297 21363 56053.9 20864.9 20412.3 20864.9 20864.9 20412.3 20864.9 0.645911 0
27 1999  122609 37483.7 54204 23473.2 21959.8 23473.2 23473.2 21959.8 23473.2 0.577396 0
27 2000  66876.6 34261.2 50759.4 22639.1 21619.8 22639.1 22639.1 21619.8 22639.1 0.636536 0
27 2001  182992 27969.2 45954.3 19941.8 17222.7 19941.8 19941.8 17222.7 19941.8 0.531052 0
27 2002  84822.1 30712.3 47582 18659.3 14608.5 18659.3 18659.3 14608.5 18659.3 0.530079 0
27 2003  46216.8 26034.4 52568.9 19285.6 16325.6 19285.6 19285.6 16325.6 19285.6 0.522075 0
27 2004  50104.6 36771.9 48759.8 20941.8 16609.9 20941.8 20941.8 16609.9 20941.8 0.51504 0
27 2005  179566 31286.5 39511.6 17696.1 15148.8 17696.1 17696.1 15148.8 17696.1 0.554894 0
27 2006  71566.3 24042.5 38821.7 13588.3 11345.4 13588.3 13588.3 11345.4 13588.3 0.474428 0
27 2007  69107.7 17691.6 44134.4 15504.8 12142.5 15504.8 15504.8 12142.5 15504.8 0.480343 0
27 2008  85420.4 32827.2 45414.9 14615.1 13547.3 14615.1 14615.1 13547.3 14615.1 0.411166 0
27 2009  173025 30948.9 43316.6 15213.9 14340.7 15213.9 15213.9 14340.7 15213.9 0.471907 0
27 2010  217527 28225.1 47199 14850.2 13500.5 14850.2 14850.2 13500.5 14850.2 0.527803 0
27 2011  55250.1 24549 55442.9 13188.5 12237.3 13188.5 13188.5 12237.3 13188.5 0.46195 0
27 2012  94235.5 28690.3 40659.4 14694.8 16547.2 14694.8 14694.8 16547.2 14694.8 0.523895 0
27 2013  142317 34266.5 40479.1 15958.1 16498.4 15958.1 15958.1 16498.4 15958.1 0.480245 0
27 2014  99400.7 29114.6 38375.4 14639.6 15419.1 14639.6 14639.6 15419.1 14639.6 0.468335 0
27 2015  64713.3 26094.5 41725.2 14590.4 14053.1 14590.4 14590.4 14053.1 14590.4 0.446969 0
27 2016  104467 30264.2 36507.7 15323.4 16974.8 15323.4 15323.4 16974.8 15323.4 0.5381 0
27 2017  78176.2 25072.6 31191.1 13573.9 14752.5 13573.9 13573.9 14752.5 13573.9 0.54908 0
27 2018  209382 20336.5 29654.5 12265.7 12961.2 12265.7 12265.7 12961.2 12265.7 0.559729 0
27 2019  33170.6 17582.1 27791.6 10605.2 11751.2 10605.2 10605.2 11751.2 10605.2 0.626932 0
27 2020  62068.9 16789.4 31491.1 10489 10782.5 10489 10489 10782.5 10489 0.466597 0
27 2021  96063.8 28599.9 34061.8 9143.03 9455.92 9143.03 9143.03 9455.92 9143.03 0.319328 0
27 2022  93262.7 26963.7 45178.2 5826.91 6091.22 5826.91 5826.91 6091.22 5826.91 0.199272 0
27 2023  NA 27457.4 NA NA NA NA NA NA NA NA NA
