"Species.n" "Year" "Rec" "SSB" "TSB" "SOP" "SOP.hat" "Yield" "yield.hat" "mean.F" "Eaten"
16 1963 448879 129744 0 128092 0 0 0 0.467 0
16 1964 735304 138581 0 130049 0 0 0 0.515 0
16 1965 979441 162757 0 209092 0 0 0 0.57 0
16 1966 1193002 182574 0 258059 0 0 0 0.574 0
16 1967 1015848 205322 0 274972 0 0 0 0.618 0
16 1968 505145 209979 0 304417 0 0 0 0.656 0
16 1969 438697 208284 0 204503 0 0 0 0.61 0
16 1970 1469677 213929 0 242656 0 0 0 0.645 0
16 1971 1949023 220614 0 410498 0 0 0 0.745 0
16 1972 482251 201619 0 385764 0 0 0 0.817 0
16 1973 696940 166614 0 267840 0 0 0 0.788 0
16 1974 691259 178411 0 252748 0 0 0 0.745 0
16 1975 1189072 169146 0 241089 0 0 0 0.808 0
16 1976 806197 146131 0 305404 0 0 0 0.868 0
16 1977 1985757 122529 0 347345 0 0 0 0.818 0
16 1978 1188124 118197 0 327074 0 0 0 0.925 0
16 1979 1481562 118543 0 428297 0 0 0 0.835 0
16 1980 2348608 118543 0 587962 0 0 0 0.923 0
16 1981 940544 128378 0 390691 0 0 0 0.931 0
16 1982 1470717 129400 0 356372 0 0 0 1.055 0
16 1983 834323 108670 0 279065 0 0 0 1.035 0
16 1984 1497219 96563 0 378074 0 0 0 0.964 0
16 1985 371613 92500 0 245651 0 0 0 0.92 0
16 1986 1811547 80540 0 339883 0 0 0 0.999 0
16 1987 708292 83513 0 243747 0 0 0 0.972 0
16 1988 473589 78012 0 193706 0 0 0 0.996 0
16 1989 844008 74712 0 201233 0 0 0 1.023 0
16 1990 339517 66205 0 151582 0 0 0 0.949 0
16 1991 398867 66219 0 119641 0 0 0 0.935 0
16 1992 964171 68143 0 148932 0 0 0 0.907 0
16 1993 439577 69976 0 141358 0 0 0 0.977 0
16 1994 1057585 72382 0 208123 0 0 0 0.946 0
16 1995 692028 77700 0 168104 0 0 0 0.875 0
16 1996 477477 92943 0 138751 0 0 0 0.904 0
16 1997 1535829 94962 0 155618 0 0 0 0.927 0
16 1998 142751 98574 0 184740 0 0 0 1.123 0
16 1999 312322 79182 0 107749 0 0 0 1.145 0
16 2000 451128 56004 0 82927 0 0 0 1.164 0
16 2001 183102 43384 0 61960 0 0 0 0.868 0
16 2002 261754 46653 0 65053 0 0 0 1.062 0
16 2003 121914 34911 0 34433 0 0 0 0.752 0
16 2004 241882 33269 0 36469 0 0 0 0.801 0
16 2005 189014 32081 0 38097 0 0 0 0.82 0
16 2006 420206 34227 0 37589 0 0 0 0.73 0
16 2007 187994 45174 0 54637 0 0 0 0.666 0
16 2008 211252 64486 0 51798 0 0 0 0.642 0
16 2009 236841 64626 0 54023 0 0 0 0.625 0
16 2010 305331 67293 0 49103 0 0 0 0.524 0
16 2011 145183 75754 0 40689 0 0 0 0.404 0
16 2012 223399 80025 0 40762 0 0 0 0.372 0
16 2013 250024 80507 0 40763 0 0 0 0.368 0
16 2014 317889 78644 0 45190 0 0 0 0.374 0
16 2015 148615 83922 0 49910 0 0 0 0.38 0
16 2016 104716 84688 0 50307 0 0 0 0.376 0
16 2017 318508 84181 0 46371 0 0 0 0.421 0
16 2018 71823 73762 0 47898 0 0 0 0.535 0
16 2019 140015 58998 0 35917 0 0 0 0.49 0
16 2020 228230 44289 0 24072 0 0 0 0.361 0
16 2021 132322 44335 0 18403 0 0 0 0.247 0
16 2022 204530 54148 0 NA 0 0 0 NA 0
16 2023 222820 NA 0 NA 0 0 0 NA 0
18 1972 12678426 424096 0 407970 0 0 0 0.798 0
18 1973 32664977 399151 0 344861 0 0 0 0.769 0
18 1974 64558023 315460 0 396836 0 0 0 0.789 0
18 1975 6266450 274399 0 495078 0 0 0 0.891 0
18 1976 7224863 390777 0 402360 0 0 0 0.881 0
18 1977 10279637 317479 0 240394 0 0 0 0.876 0
18 1978 18045759 153749 0 146733 0 0 0 0.897 0
18 1979 28673787 130670 0 149190 0 0 0 0.843 0
18 1980 7671036 178492 0 202674 0 0 0 0.768 0
18 1981 12372128 280800 0 226530 0 0 0 0.633 0
18 1982 7442905 328712 0 256136 0 0 0 0.646 0
18 1983 22001542 259824 0 253237 0 0 0 0.734 0
18 1984 5850387 218557 0 247297 0 0 0 0.776 0
18 1985 7839522 257798 0 247317 0 0 0 0.819 0
18 1986 12498894 236425 0 223843 0 0 0 0.884 0
18 1987 2056670 167168 0 195106 0 0 0 0.934 0
18 1988 2141987 152660 0 180062 0 0 0 0.892 0
18 1989 3278597 137670 0 127703 0 0 0 0.89 0
18 1990 7770771 82458 0 86743 0 0 0 0.859 0
18 1991 12078886 68151 0 97204 0 0 0 0.955 0
18 1992 16500340 101708 0 134969 0 0 0 0.851 0
18 1993 5451967 162404 0 180145 0 0 0 0.914 0
18 1994 17890793 182443 0 169385 0 0 0 0.866 0
18 1995 7646288 177369 0 168815 0 0 0 0.711 0
18 1996 8273892 211447 0 204822 0 0 0 0.794 0
18 1997 3954799 234682 0 169954 0 0 0 0.71 0
18 1998 3173464 194014 0 161971 0 0 0 0.776 0
18 1999 36536706 138994 0 123405 0 0 0 0.894 0
18 2000 8734831 116634 0 126824 0 0 0 0.791 0
18 2001 1305540 296282 0 173353 0 0 0 0.562 0
18 2002 1571855 375280 0 155174 0 0 0 0.449 0
18 2003 1159465 273645 0 74406 0 0 0 0.306 0
18 2004 1134740 190954 0 72470 0 0 0 0.322 0
18 2005 4584478 137388 0 64085 0 0 0 0.392 0
18 2006 1444493 100297 0 66962 0 0 0 0.506 0
18 2007 1053590 112035 0 67371 0 0 0 0.488 0
18 2008 840808 116241 0 49927 0 0 0 0.381 0
18 2009 4203720 89586 0 46519 0 0 0 0.328 0
18 2010 507468 89799 0 41344 0 0 0 0.305 0
18 2011 344849 124626 0 42882 0 0 0 0.294 0
18 2012 631112 145632 0 42912 0 0 0 0.287 0
18 2013 695931 114401 0 46703 0 0 0 0.293 0
18 2014 4349364 88570 0 45926 0 0 0 0.371 0
18 2015 1267983 79159 0 41477 0 0 0 0.449 0
18 2016 1487641 118145 0 42930 0 0 0 0.374 0
18 2017 693858 116902 0 40860 0 0 0 0.337 0
18 2018 2091658 104240 0 39687 0 0 0 0.367 0
18 2019 7099038 85379 0 36320 0 0 0 0.34 0
18 2020 7937453 111103 0 38928 0 0 0 0.277 0
18 2021 2710758 224921 0 44122 0 0 0 0.186 0
18 2022 4545487 395652 0 56849 0 0 0 0.119 0
18 2023 1746116 529443 0 NA 0 0 0 NA 0
21 1947 34843107 5288144 0 581760 0 0 0 0.128 0
21 1948 33204210 4492545 0 502100 0 0 0 0.116 0
21 1949 27923624 4064846 0 508500 0 0 0 0.14 0
21 1950 39551269 3813382 0 491700 0 0 0 0.148 0
21 1951 38374251 3377236 0 600400 0 0 0 0.198 0
21 1952 38187357 3195395 0 664400 0 0 0 0.22 0
21 1953 43252063 2963000 0 698500 0 0 0 0.233 0
21 1954 40358247 2706632 0 762900 0 0 0 0.28 0
21 1955 34301248 2714584 0 806400 0 0 0 0.253 0
21 1956 25467628 2625637 0 675200 0 0 0 0.25 0
21 1957 57469609 2376964 0 682900 0 0 0 0.27 0
21 1958 24929483 2018983 0 670500 0 0 0 0.249 0
21 1959 28331717 2919711 0 784500 0 0 0 0.3 0
21 1960 12552193 2516069 0 696200 0 0 0 0.245 0
21 1961 52690620 2536810 0 696700 0 0 0 0.274 0
21 1962 28485201 1771243 0 627800 0 0 0 0.316 0
21 1963 34232664 2789711 0 716000 0 0 0 0.188 0
21 1964 34357568 2516773 0 871200 0 0 0 0.293 0
21 1965 17213841 1991409 0 1168800 0 0 0 0.532 0
21 1966 18496083 1594303 0 895500 0 0 0 0.494 0
21 1967 25581791 958349 0 695500 0 0 0 0.688 0
21 1968 21939615 523395 0 717800 0 0 0 1.083 0
21 1969 12755372 479343 0 546700 0 0 0 0.884 0
21 1970 21817686 454924 0 563100 0 0 0 0.962 0
21 1971 17158471 286581 0 520100 0 0 0 1.418 0
21 1972 12615750 329390 0 497500 0 0 0 0.619 0
21 1973 6893962 278827 0 484000 0 0 0 0.948 0
21 1974 10772641 191402 0 275100 0 0 0 0.904 0
21 1975 2573246 105746 0 312800 0 0 0 1.19 0
21 1976 3337077 144849 0 174800 0 0 0 0.878 0
21 1977 4403786 110114 0 46000 0 0 0 0.331 0
21 1978 4327905 137100 0 11000 0 0 0 0.227 0
21 1979 7877575 187117 0 25100 0 0 0 0.187 0
21 1980 12639916 210879 0 70764 0 0 0 0.166 0
21 1981 27375323 271738 0 174879 0 0 0 0.25 0
21 1982 46445060 385735 0 275079 0 0 0 0.191 0
21 1983 46151118 550510 0 387202 0 0 0 0.269 0
21 1984 46549410 906030 0 428631 0 0 0 0.353 0
21 1985 55251332 994586 0 613780 0 0 0 0.451 0
21 1986 67358005 1035062 0 671488 0 0 0 0.415 0
21 1987 57782205 1217539 0 792058 0 0 0 0.394 0
21 1988 38074870 1559333 0 887686 0 0 0 0.379 0
21 1989 29846582 1620487 0 787899 0 0 0 0.367 0
21 1990 27756832 1773102 0 645229 0 0 0 0.286 0
21 1991 30285372 1574572 0 658008 0 0 0 0.309 0
21 1992 52786702 1198109 0 716799 0 0 0 0.368 0
21 1993 55579837 853988 0 671397 0 0 0 0.43 0
21 1994 43072895 910441 0 568234 0 0 0 0.427 0
21 1995 44203697 942466 0 579371 0 0 0 0.396 0
21 1996 35958398 1103450 0 275098 0 0 0 0.194 0
21 1997 29160338 1272213 0 264313 0 0 0 0.184 0
21 1998 19186559 1459599 0 391628 0 0 0 0.222 0
21 1999 55290404 1554935 0 363163 0 0 0 0.203 0
21 2000 40457232 1586086 0 388157 0 0 0 0.21 0
21 2001 67636349 1971508 0 374065 0 0 0 0.178 0
21 2002 36318539 2444638 0 394709 0 0 0 0.166 0
21 2003 20507520 2401843 0 482281 0 0 0 0.192 0
21 2004 23685950 2369684 0 587698 0 0 0 0.24 0
21 2005 20842279 2142889 0 663813 0 0 0 0.286 0
21 2006 21487048 1749434 0 514597 0 0 0 0.246 0
21 2007 24668134 1390565 0 406482 0 0 0 0.225 0
21 2008 22373022 1481491 0 257870 0 0 0 0.135 0
21 2009 35013307 1830015 0 168443 0 0 0 0.071 0
21 2010 28340638 1942330 0 187611 0 0 0 0.077 0
21 2011 24999161 2283300 0 226478 0 0 0 0.099 0
21 2012 23319964 2341959 0 434710 0 0 0 0.18 0
21 2013 31738726 2139312 0 511416 0 0 0 0.213 0
21 2014 47612886 2112189 0 517356 0 0 0 0.206 0
21 2015 13682022 1972826 0 494099 0 0 0 0.212 0
21 2016 23844071 2271820 0 563610 0 0 0 0.23 0
21 2017 14401346 2108214 0 498437 0 0 0 0.191 0
21 2018 24778622 1892368 0 603536 0 0 0 0.218 0
21 2019 22146722 1632336 0 442138 0 0 0 0.185 0
21 2020 25562864 1568755 0 426900 0 0 0 0.189 0
21 2021 18159371 1476805 0 365356 0 0 0 0.185 0
21 2022 31135028 1652003 0 462247 0 0 0 0.227 0
21 2023 31349395 1480607 0 NA 0 0 0 NA 0
20 1980 2236661 4089931 0 734950 0 0 0 0.205 0
20 1981 3935162 3606692 0 754045 0 0 0 0.206 0
20 1982 4250320 3472009 0 716987 0 0 0 0.206 0
20 1983 4181532 3678958 0 672283 0 0 0 0.207 0
20 1984 1953170 3979779 0 641928 0 0 0 0.209 0
20 1985 1763044 4008008 0 614371 0 0 0 0.212 0
20 1986 4062330 3602549 0 602201 0 0 0 0.217 0
20 1987 2707304 3569947 0 654992 0 0 0 0.224 0
20 1988 2665714 3521030 0 680491 0 0 0 0.231 0
20 1989 3850196 3288174 0 585920 0 0 0 0.242 0
20 1990 2351096 3373583 0 626107 0 0 0 0.256 0
20 1991 2641378 3273562 0 675665 0 0 0 0.272 0
20 1992 1957547 3002776 0 760690 0 0 0 0.29 0
20 1993 2394688 2663959 0 824568 0 0 0 0.307 0
20 1994 2783885 2321191 0 819087 0 0 0 0.316 0
20 1995 2073325 2290216 0 756277 0 0 0 0.313 0
20 1996 2063895 2174716 0 563472 0 0 0 0.303 0
20 1997 1735510 2144903 0 573029 0 0 0 0.297 0
20 1998 2299761 2118203 0 666316 0 0 0 0.303 0
20 1999 1906540 2297701 0 640309 0 0 0 0.317 0
20 2000 2231701 2261229 0 738606 0 0 0 0.334 0
20 2001 2546612 2145615 0 737463 0 0 0 0.366 0
20 2002 1155583 2053280 0 771422 0 0 0 0.391 0
20 2003 4783942 2006047 0 679287 0 0 0 0.406 0
20 2004 6577625 2609154 0 660491 0 0 0 0.374 0
20 2005 2399484 2433808 0 549514 0 0 0 0.303 0
20 2006 3480919 2296686 0 481181 0 0 0 0.279 0
20 2007 5095654 2441423 0 586206 0 0 0 0.306 0
20 2008 5197356 2891383 0 623165 0 0 0 0.292 0
20 2009 3749368 3599313 0 737969 0 0 0 0.263 0
20 2010 4193134 4057815 0 877272 0 0 0 0.251 0
20 2011 3556127 4736686 0 948963 0 0 0 0.242 0
20 2012 5939342 4500692 0 899551 0 0 0 0.22 0
20 2013 6867546 5057375 0 938299 0 0 0 0.215 0
20 2014 3834283 6303439 0 1401788 0 0 0 0.216 0
20 2015 3387247 6418653 0 1215827 0 0 0 0.2 0
20 2016 5004656 6056742 0 1100135 0 0 0 0.183 0
20 2017 2120346 5859454 0 1159641 0 0 0 0.186 0
20 2018 4681101 5076992 0 1023144 0 0 0 0.191 0
20 2019 2814162 4306452 0 839727 0 0 0 0.197 0
20 2020 2544660 4038542 0 1039513 0 0 0 0.247 0
20 2021 5528431 4186470 0 1081540 0 0 0 0.266 0
20 2022 4953325 3951017 0 1046720 0 0 0 0.304 0
20 2023 3269823 3681064 0 NA 0 0 0 NA 0
24 1984 38100000 117640 0 NA 0 0 0 1.136 0
24 1985 27861000 61422 0 NA 0 0 0 1.093 0
24 1986 45749000 45342 0 NA 0 0 0 0.832 0
24 1987 9637000 68307 0 NA 0 0 0 0.77 0
24 1988 43427000 66499 0 NA 0 0 0 0.582 0
24 1989 45411000 68041 0 NA 0 0 0 0.58 0
24 1990 56563000 90807 0 NA 0 0 0 0.548 0
24 1991 98152000 113373 0 NA 0 0 0 0.53 0
24 1992 51773000 186673 0 NA 0 0 0 0.506 0
24 1993 45178000 145130 0 NA 0 0 0 0.516 0
24 1994 126029000 101511 0 NA 0 0 0 0.44 0
24 1995 49714000 199027 0 NA 0 0 0 0.342 0
24 1996 106269000 234672 0 NA 0 0 0 0.313 0
24 1997 21207000 235372 0 NA 0 0 0 0.301 0
24 1998 38345000 213870 0 NA 0 0 0 0.282 0
24 1999 88388000 127761 0 NA 0 0 0 0.296 0
24 2000 24543000 211970 0 NA 0 0 0 0.278 0
24 2001 24233000 202015 0 NA 0 0 0 0.244 0
24 2002 19534000 97272 0 NA 0 0 0 0.294 0
24 2003 7714000 59027 0 NA 0 0 0 0.245 0
24 2004 7397000 40148 0 NA 0 0 0 0.223 0
24 2005 29215000 29936 0 NA 0 0 0 0.001 0
24 2006 20941000 56536 0 NA 0 0 0 0.261 0
24 2007 30448000 79112 0 NA 0 0 0 0.038 0
24 2008 45621000 99214 0 NA 0 0 0 0.056 0
24 2009 65954000 145435 0 NA 0 0 0 0.079 0
24 2010 5937000 245619 0 NA 0 0 0 0.089 0
24 2011 10170000 179620 0 NA 0 0 0 0.076 0
24 2012 51457000 76385 0 NA 0 0 0 0.139 0
24 2013 15704000 93936 0 NA 0 0 0 0.217 0
24 2014 86765000 89578 0 NA 0 0 0 0.22 0
24 2015 32915000 110277 0 NA 0 0 0 0.24 0
24 2016 55796000 113743 0 NA 0 0 0 0.261 0
24 2017 19096000 91581 0 NA 0 0 0 0.256 0
24 2018 68656000 72267 0 NA 0 0 0 0.273 0
24 2019 88977000 103078 0 NA 0 0 0 0.29 0
24 2020 54335000 182542 0 NA 0 0 0 0.304 0
24 2021 20793000 160102 0 NA 0 0 0 0.316 0
24 2022 40098000 87918 0 NA 0 0 0 0.319 0
24 2023 26260000 78191 0 NA 0 0 0 NA 0
26 1957 1774803 806128 0 78443 0 0 0 0.11 0
26 1958 2576366 804359 0 88191 0 0 0 0.128 0
26 1959 3053773 798296 0 109164 0 0 0 0.145 0
26 1960 2704119 823957 0 117334 0 0 0 0.149 0
26 1961 2916679 828654 0 118474 0 0 0 0.148 0
26 1962 2093852 991144 0 125375 0 0 0 0.161 0
26 1963 2459889 895194 0 148376 0 0 0 0.182 0
26 1964 6308523 882137 0 147571 0 0 0 0.188 0
26 1965 2419411 779720 0 140223 0 0 0 0.17 0
26 1966 1902609 834018 0 166552 0 0 0 0.182 0
26 1967 1279216 957778 0 163365 0 0 0 0.184 0
26 1968 1311066 899839 0 139521 0 0 0 0.166 0
26 1969 1883254 799849 0 142820 0 0 0 0.178 0
26 1970 1739924 736972 0 159982 0 0 0 0.226 0
26 1971 1141734 675895 0 136939 0 0 0 0.206 0
26 1972 1005827 659873 0 142475 0 0 0 0.222 0
26 1973 3356624 542542 0 143783 0 0 0 0.25 0
26 1974 2589780 534971 0 157485 0 0 0 0.27 0
26 1975 1835289 541357 0 195235 0 0 0 0.307 0
26 1976 1501806 558866 0 166917 0 0 0 0.256 0
26 1977 2156978 560178 0 176689 0 0 0 0.291 0
26 1978 1929418 533827 0 159639 0 0 0 0.28 0
26 1979 1861579 510284 0 213282 0 0 0 0.383 0
26 1980 2703665 496578 0 171844 0 0 0 0.33 0
26 1981 2124285 466467 0 174264 0 0 0 0.331 0
26 1982 4605870 449327 0 205280 0 0 0 0.359 0
26 1983 3079561 543625 0 220262 0 0 0 0.348 0
26 1984 2917342 559814 0 236588 0 0 0 0.36 0
26 1985 3690276 596644 0 232387 0 0 0 0.343 0
26 1986 9446686 622907 0 308831 0 0 0 0.422 0
26 1987 4253255 745310 0 359283 0 0 0 0.458 0
26 1988 4217026 645444 0 324975 0 0 0 0.442 0
26 1989 2870445 698394 0 286684 0 0 0 0.385 0
26 1990 2537527 626884 0 240678 0 0 0 0.364 0
26 1991 2397543 577554 0 238212 0 0 0 0.401 0
26 1992 2091943 491912 0 193776 0 0 0 0.394 0
26 1993 1341329 441972 0 163522 0 0 0 0.364 0
26 1994 1157463 386113 0 145710 0 0 0 0.364 0
26 1995 2465575 367117 0 131176 0 0 0 0.379 0
26 1996 2760570 344953 0 143435 0 0 0 0.404 0
26 1997 5120333 372743 0 193103 0 0 0 0.461 0
26 1998 2064067 416898 0 183561 0 0 0 0.406 0
26 1999 1996429 386403 0 160702 0 0 0 0.378 0
26 2000 2459211 407713 0 135065 0 0 0 0.3 0
26 2001 1694638 456603 0 193221 0 0 0 0.398 0
26 2002 4781680 396850 0 134277 0 0 0 0.33 0
26 2003 1778083 468727 0 153997 0 0 0 0.313 0
26 2004 3396933 456154 0 127989 0 0 0 0.234 0
26 2005 2613686 518179 0 119046 0 0 0 0.214 0
26 2006 3058527 580621 0 131303 0 0 0 0.186 0
26 2007 4361990 603437 0 100949 0 0 0 0.148 0
26 2008 3889573 769512 0 105329 0 0 0 0.117 0
26 2009 3787085 897359 0 108262 0 0 0 0.106 0
26 2010 4179064 1038442 0 116910 0 0 0 0.105 0
26 2011 5907213 1020096 0 118100 0 0 0 0.108 0
26 2012 3582160 1060963 0 141932 0 0 0 0.115 0
26 2013 4239308 1099716 0 126247 0 0 0 0.109 0
26 2014 5168164 1171560 0 133697 0 0 0 0.116 0
26 2015 2622824 1038444 0 134585 0 0 0 0.123 0
26 2016 2895949 999635 0 136995 0 0 0 0.139 0
26 2017 4471024 938798 0 114300 0 0 0 0.131 0
26 2018 2670467 787311 0 105800 0 0 0 0.139 0
26 2019 5950342 706290 0 86121 0 0 0 0.115 0
26 2020 3665022 726120 0 79158 0 0 0 0.102 0
26 2021 3216763 763264 0 73352 0 0 0 0.087 0
26 2022 8186634 725990 0 64897 0 0 0 0.085 0
26 2023 3701607 893313 0 NA 0 0 0 NA 0
19 1967 141932 152710 0 101331 0 0 0 0.353 0
19 1968 161043 211426 0 134559 0 0 0 0.29 0
19 1969 287190 278400 0 150294 0 0 0 0.319 0
19 1970 294247 348015 0 270829 0 0 0 0.344 0
19 1971 356661 463751 0 309177 0 0 0 0.372 0
19 1972 223340 492694 0 296482 0 0 0 0.403 0
19 1973 200584 525087 0 275164 0 0 0 0.427 0
19 1974 198796 580026 0 337021 0 0 0 0.496 0
19 1975 234361 518857 0 304646 0 0 0 0.535 0
19 1976 409751 399842 0 423346 0 0 0 0.604 0
19 1977 148929 325233 0 239913 0 0 0 0.596 0
19 1978 120436 297081 0 176851 0 0 0 0.48 0
19 1979 87362 278998 0 142647 0 0 0 0.45 0
19 1980 85357 261080 0 145288 0 0 0 0.473 0
19 1981 164372 249294 0 148245 0 0 0 0.468 0
19 1982 140969 220375 0 202111 0 0 0 0.54 0
19 1983 148195 220397 0 203019 0 0 0 0.655 0
19 1984 256251 188654 0 240566 0 0 0 0.679 0
19 1985 358100 165976 0 273672 0 0 0 0.705 0
19 1986 291263 156610 0 232795 0 0 0 0.741 0
19 1987 148792 165095 0 192381 0 0 0 0.706 0
19 1988 138564 154595 0 154253 0 0 0 0.713 0
19 1989 101903 126484 0 124599 0 0 0 0.691 0
19 1990 150734 114769 0 124450 0 0 0 0.658 0
19 1991 176077 107637 0 130973 0 0 0 0.628 0
19 1992 103172 113163 0 115537 0 0 0 0.611 0
19 1993 176956 119733 0 132618 0 0 0 0.646 0
19 1994 119188 123497 0 126759 0 0 0 0.574 0
19 1995 217635 142655 0 141190 0 0 0 0.583 0
19 1996 120292 154059 0 128896 0 0 0 0.513 0
19 1997 153448 194025 0 120103 0 0 0 0.439 0
19 1998 88673 192245 0 117222 0 0 0 0.444 0
19 1999 121015 201133 0 119466 0 0 0 0.472 0
19 2000 102867 194748 0 93795 0 0 0 0.4 0
19 2001 211740 201287 0 102859 0 0 0 0.376 0
19 2002 152360 222834 0 129847 0 0 0 0.418 0
19 2003 154982 208600 0 121656 0 0 0 0.438 0
19 2004 113676 255179 0 113792 0 0 0 0.377 0
19 2005 145470 246304 0 121216 0 0 0 0.38 0
19 2006 97945 262816 0 128711 0 0 0 0.398 0
19 2007 154419 244963 0 106334 0 0 0 0.384 0
19 2008 71445 245602 0 129886 0 0 0 0.449 0
19 2009 54884 238520 0 114520 0 0 0 0.47 0
19 2010 89024 220711 0 104723 0 0 0 0.454 0
19 2011 80817 177346 0 102006 0 0 0 0.451 0
19 2012 133005 164320 0 87049 0 0 0 0.419 0
19 2013 90693 169312 0 87270 0 0 0 0.387 0
19 2014 55748 188223 0 82172 0 0 0 0.37 0
19 2015 92314 193592 0 81445 0 0 0 0.371 0
19 2016 114113 179140 0 77672 0 0 0 0.373 0
19 2017 79451 198702 0 94582 0 0 0 0.409 0
19 2018 41631 195062 0 95447 0 0 0 0.438 0
19 2019 51309 186286 0 96634 0 0 0 0.472 0
19 2020 33879 164125 0 76820 0 0 0 0.41 0
19 2021 56154 145457 0 50951 0 0 0 0.346 0
19 2022 70476 149131 0 53805 0 0 0 0.327 0
19 2023 64320 161204 0 NA 0 0 0 NA 0
27 1957 137714 65753 0 12064 0 0 0 0.215 0
27 1958 124691 68032 0 14284 0 0 0 0.21 0
27 1959 443230 71774 0 13829 0 0 0 0.219 0
27 1960 40430 74949 0 18618 0 0 0 0.255 0
27 1961 65149 107620 0 23564 0 0 0 0.311 0
27 1962 10556 90249 0 26875 0 0 0 0.34 0
27 1963 12374 72183 0 26161 0 0 0 0.31 0
27 1964 589814 54157 0 11339 0 0 0 0.278 0
27 1965 146425 44188 0 17040 0 0 0 0.288 0
27 1966 57743 105540 0 33337 0 0 0 0.341 0
27 1967 96117 104380 0 33436 0 0 0 0.417 0
27 1968 132130 91849 0 33176 0 0 0 0.489 0
27 1969 86231 71896 0 27556 0 0 0 0.534 0
27 1970 198109 65644 0 19681 0 0 0 0.527 0
27 1971 56211 55659 0 23649 0 0 0 0.504 0
27 1972 117356 62757 0 21083 0 0 0 0.511 0
27 1973 154007 47314 0 19304 0 0 0 0.545 0
27 1974 122279 47202 0 17986 0 0 0 0.555 0
27 1975 60145 48418 0 20769 0 0 0 0.514 0
27 1976 146628 46870 0 17322 0 0 0 0.471 0
27 1977 186133 38415 0 18000 0 0 0 0.464 0
27 1978 63085 44618 0 20276 0 0 0 0.488 0
27 1979 17072 53883 0 22594 0 0 0 0.511 0
27 1980 180708 39842 0 15802 0 0 0 0.515 0
27 1981 241524 26963 0 15399 0 0 0 0.53 0
27 1982 220094 38044 0 21574 0 0 0 0.566 0
27 1983 189684 52718 0 24923 0 0 0 0.614 0
27 1984 86918 53585 0 26836 0 0 0 0.63 0
27 1985 110076 47369 0 24244 0 0 0 0.603 0
27 1986 176820 38687 0 18197 0 0 0 0.568 0
27 1987 86035 34919 0 17365 0 0 0 0.533 0
27 1988 636146 44018 0 21586 0 0 0 0.503 0
27 1989 122846 39715 0 21801 0 0 0 0.479 0
27 1990 222523 116400 0 35117 0 0 0 0.466 0
27 1991 90058 90053 0 33510 0 0 0 0.469 0
27 1992 481581 85460 0 29338 0 0 0 0.489 0
27 1993 113158 58402 0 31488 0 0 0 0.529 0
27 1994 82237 87316 0 32999 0 0 0 0.591 0
27 1995 126246 67751 0 30465 0 0 0 0.662 0
27 1996 76274 40060 0 22647 0 0 0 0.699 0
27 1997 298508 32631 0 14899 0 0 0 0.688 0
27 1998 137173 23327 0 20865 0 0 0 0.666 0
27 1999 109169 46315 0 23472 0 0 0 0.655 0
27 2000 140132 39446 0 22639 0 0 0 0.649 0
27 2001 75472 31714 0 19941 0 0 0 0.62 0
27 2002 200781 31493 0 18658 0 0 0 0.586 0
27 2003 98256 25447 0 19284 0 0 0 0.567 0
27 2004 50793 38523 0 20938 0 0 0 0.56 0
27 2005 51111 31691 0 17696 0 0 0 0.548 0
27 2006 167809 24396 0 13588 0 0 0 0.499 0
27 2007 66910 17471 0 15506 0 0 0 0.452 0
27 2008 74484 32820 0 14616 0 0 0 0.445 0
27 2009 93361 29972 0 15213 0 0 0 0.474 0
27 2010 173790 28401 0 14849 0 0 0 0.504 0
27 2011 170837 25598 0 13188 0 0 0 0.494 0
27 2012 45805 28172 0 14696 0 0 0 0.464 0
27 2013 86258 32652 0 15958 0 0 0 0.433 0
27 2014 148810 28237 0 14640 0 0 0 0.419 0
27 2015 100189 26038 0 14589 0 0 0 0.436 0
27 2016 62225 30198 0 15323 0 0 0 0.487 0
27 2017 111236 25312 0 13573 0 0 0 0.554 0
27 2018 90323 19669 0 12265 0 0 0 0.592 0
27 2019 246789 17726 0 10607 0 0 0 0.553 0
27 2020 40466 19371 0 10490 0 0 0 0.42 0
27 2021 66853 34006 0 9144 0 0 0 0.261 0
27 2022 102517 33962 0 5826 0 0 0 0.148 0
27 2023 109511 34270 0 NA 0 0 0 NA 0
27 1957 137714 66306 0 12064 0 0 0 0.215 0
27 1958 124691 63017 0 14284 0 0 0 0.21 0
27 1959 443230 67922 0 13829 0 0 0 0.219 0
27 1960 40430 71043 0 18618 0 0 0 0.255 0
27 1961 65149 110880 0 23564 0 0 0 0.311 0
27 1962 10556 91948 0 26875 0 0 0 0.34 0
27 1963 12374 72828 0 26161 0 0 0 0.31 0
27 1964 589814 54343 0 11339 0 0 0 0.278 0
27 1965 146425 42731 0 17040 0 0 0 0.288 0
27 1966 57743 114640 0 33337 0 0 0 0.341 0
27 1967 96117 110650 0 33436 0 0 0 0.417 0
27 1968 132130 90785 0 33176 0 0 0 0.489 0
27 1969 86231 71932 0 27556 0 0 0 0.534 0
27 1970 198109 64950 0 19681 0 0 0 0.527 0
27 1971 56211 54268 0 23649 0 0 0 0.504 0
27 1972 117356 61747 0 21083 0 0 0 0.511 0
27 1973 154007 47078 0 19304 0 0 0 0.545 0
27 1974 122279 45936 0 17986 0 0 0 0.555 0
27 1975 60145 49853 0 20769 0 0 0 0.514 0
27 1976 146628 49212 0 17322 0 0 0 0.471 0
27 1977 186133 40863 0 18000 0 0 0 0.464 0
27 1978 63085 48356 0 20276 0 0 0 0.488 0
27 1979 17072 56811 0 22594 0 0 0 0.511 0
27 1980 180708 41673 0 15802 0 0 0 0.515 0
27 1981 241524 27215 0 15399 0 0 0 0.53 0
27 1982 220094 42749 0 21574 0 0 0 0.566 0
27 1983 189684 57350 0 24923 0 0 0 0.614 0
27 1984 86918 56742 0 26836 0 0 0 0.63 0
27 1985 110076 52028 0 24244 0 0 0 0.603 0
27 1986 176820 38398 0 18197 0 0 0 0.568 0
27 1987 86035 35961 0 17365 0 0 0 0.533 0
27 1988 636146 45188 0 21586 0 0 0 0.503 0
27 1989 122846 38100 0 21801 0 0 0 0.479 0
27 1990 222523 111910 0 35117 0 0 0 0.466 0
27 1991 90058 88769 0 33510 0 0 0 0.469 0
27 1992 481581 82774 0 29338 0 0 0 0.489 0
27 1993 113158 62285 0 31488 0 0 0 0.529 0
27 1994 82237 94297 0 32999 0 0 0 0.591 0
27 1995 126246 68024 0 30465 0 0 0 0.662 0
27 1996 76274 41735 0 22647 0 0 0 0.699 0
27 1997 298508 32956 0 14899 0 0 0 0.688 0
27 1998 137173 23879 0 20865 0 0 0 0.666 0
27 1999 109169 44742 0 23472 0 0 0 0.655 0
27 2000 140132 38431 0 22639 0 0 0 0.649 0
27 2001 75472 30294 0 19941 0 0 0 0.62 0
27 2002 200781 28906 0 18658 0 0 0 0.586 0
27 2003 98256 23289 0 19284 0 0 0 0.567 0
27 2004 50793 33905 0 20938 0 0 0 0.56 0
27 2005 51111 29238 0 17696 0 0 0 0.548 0
27 2006 167809 21440 0 13588 0 0 0 0.499 0
27 2007 66910 17741 0 15506 0 0 0 0.452 0
27 2008 74484 28735 0 14616 0 0 0 0.445 0
27 2009 93361 26634 0 15213 0 0 0 0.474 0
27 2010 173790 23981 0 14849 0 0 0 0.504 0
27 2011 170837 22782 0 13188 0 0 0 0.494 0
27 2012 45805 29695 0 14696 0 0 0 0.464 0
27 2013 86258 36067 0 15958 0 0 0 0.433 0
27 2014 148810 28909 0 14640 0 0 0 0.419 0
27 2015 100189 26637 0 14589 0 0 0 0.436 0
27 2016 62225 29577 0 15323 0 0 0 0.487 0
27 2017 111236 26093 0 13573 0 0 0 0.554 0
27 2018 90323 19591 0 12265 0 0 0 0.592 0
27 2019 246789 19503 0 10607 0 0 0 0.553 0
27 2020 40466 18580 0 10490 0 0 0 0.42 0
27 2021 66853 31452 0 9144 0 0 0 0.261 0
27 2022 102517 28999 0 5826 0 0 0 0.148 0
27 2023 109511 31949 0 NA 0 0 0 NA 0
25 1974 536673000 606751 0 NA 0 0 0 1.106 0
25 1975 707297000 615149 0 NA 0 0 0 1.689 0
25 1976 330657000 498822 0 NA 0 0 0 1.773 0
25 1977 627792000 339628 0 NA 0 0 0 1.596 0
25 1978 1087750000 388524 0 NA 0 0 0 1.015 0
25 1979 562257000 650101 0 NA 0 0 0 0.64 0
25 1980 331334000 456364 0 NA 0 0 0 2.328 0
25 1981 79910900 305247 0 NA 0 0 0 1.195 0
25 1982 38772500 165424 0 NA 0 0 0 0.998 0
25 1983 56639000 72603 0 NA 0 0 0 1.593 0
25 1984 36687000 55173 0 NA 0 0 0 0.916 0
25 1985 25241800 58741 0 NA 0 0 0 1.274 0
25 1986 63356800 24647 0 NA 0 0 0 1.236 0
25 1987 40589000 45388 0 NA 0 0 0 0.372 0
25 1988 64355300 50938 0 NA 0 0 0 1.253 0
25 1989 51642500 44220 0 NA 0 0 0 0.415 0
25 1990 74941200 40318 0 NA 0 0 0 1.566 0
25 1991 96272600 86753 0 NA 0 0 0 0.891 0
25 1992 86768000 105823 0 NA 0 0 0 0.966 0
25 1993 93452600 137855 0 NA 0 0 0 1.545 0
25 1994 99795400 91894 0 NA 0 0 0 0.78 0
25 1995 38858100 139212 0 NA 0 0 0 1.203 0
25 1996 55155400 105229 0 NA 0 0 0 1.379 0
25 1997 50673700 102068 0 NA 0 0 0 1.062 0
25 1998 114831000 132016 0 NA 0 0 0 1.745 0
25 1999 75668400 135732 0 NA 0 0 0 0.975 0
25 2000 74044000 184584 0 NA 0 0 0 1.531 0
25 2001 58811500 124865 0 NA 0 0 0 1.631 0
25 2002 80273300 107840 0 NA 0 0 0 1.676 0
25 2003 102228000 136758 0 NA 0 0 0 1.389 0
25 2004 161300000 166168 0 NA 0 0 0 2.104 0
25 2005 61186300 197987 0 NA 0 0 0 1.373 0
25 2006 78291800 152849 0 NA 0 0 0 1.657 0
25 2007 60113700 126320 0 NA 0 0 0 1.68 0
25 2008 115587000 98402 0 NA 0 0 0 1.585 0
25 2009 98347200 156305 0 NA 0 0 0 0.92 0
25 2010 89665300 157604 0 NA 0 0 0 1.062 0
25 2011 93113000 129007 0 NA 0 0 0 0.92 0
25 2012 66617700 120790 0 NA 0 0 0 1.307 0
25 2013 125612000 103055 0 NA 0 0 0 1.418 0
25 2014 147542000 163494 0 NA 0 0 0 0.662 0
25 2015 82155700 263242 0 NA 0 0 0 1.233 0
25 2016 138704000 190090 0 NA 0 0 0 2.197 0
25 2017 160923000 174785 0 NA 0 0 0 1.419 0
25 2018 137708000 195150 0 NA 0 0 0 1.477 0
25 2019 131797000 183614 0 NA 0 0 0 1.215 0
25 2020 82959600 260337 0 NA 0 0 0 1.884 0
25 2021 74991900 131539 0 NA 0 0 0 1.904 0
25 2022 148669000 114861 0 NA 0 0 0 1.396 0
25 2023 109840549 206581 0 NA 0 0 0 NA 0
17 1978 41625553 393162 0 188222 0 0 0 0.559 0
17 1979 33538362 427066 0 243570 0 0 0 0.587 0
17 1980 16434112 435481 0 223361 0 0 0 0.64 0
17 1981 14887631 392375 0 192119 0 0 0 0.615 0
17 1982 13035187 313248 0 140250 0 0 0 0.523 0
17 1983 19193605 260762 0 161316 0 0 0 0.609 0
17 1984 14841615 201832 0 145636 0 0 0 0.726 0
17 1985 25598967 198047 0 100330 0 0 0 0.651 0
17 1986 24282189 202029 0 161494 0 0 0 0.753 0
17 1987 18620384 207339 0 138737 0 0 0 0.776 0
17 1988 25944636 220469 0 133215 0 0 0 0.692 0
17 1989 16204265 221782 0 123533 0 0 0 0.643 0
17 1990 14342667 219204 0 152602 0 0 0 0.627 0
17 1991 15687463 215770 0 126742 0 0 0 0.488 0
17 1992 17962730 206670 0 108555 0 0 0 0.465 0
17 1993 17460898 193992 0 116911 0 0 0 0.543 0
17 1994 16114856 189213 0 101650 0 0 0 0.554 0
17 1995 12514730 191608 0 105494 0 0 0 0.494 0
17 1996 10518159 171577 0 76123 0 0 0 0.447 0
17 1997 16095200 154457 0 61435 0 0 0 0.399 0
17 1998 26641474 132505 0 47475 0 0 0 0.362 0
17 1999 30726247 130403 0 60845 0 0 0 0.41 0
17 2000 26060340 165431 0 63806 0 0 0 0.393 0
17 2001 24818144 187994 0 45242 0 0 0 0.281 0
17 2002 12410584 181055 0 46450 0 0 0 0.236 0
17 2003 12840890 158627 0 45640 0 0 0 0.243 0
17 2004 15212478 143886 0 33557 0 0 0 0.207 0
17 2005 14916850 129279 0 28883 0 0 0 0.193 0
17 2006 11558730 120055 0 36769 0 0 0 0.228 0
17 2007 17939446 108864 0 26974 0 0 0 0.211 0
17 2008 17627105 111551 0 28247 0 0 0 0.213 0
17 2009 17273026 116450 0 28430 0 0 0 0.218 0
17 2010 17642410 143589 0 34436 0 0 0 0.226 0
17 2011 11632416 136821 0 30668 0 0 0 0.206 0
17 2012 8543128 143393 0 30221 0 0 0 0.204 0
17 2013 13753325 134707 0 26660 0 0 0 0.207 0
17 2014 16510448 125392 0 28375 0 0 0 0.231 0
17 2015 14940500 127889 0 36287 0 0 0 0.268 0
17 2016 17712494 132680 0 33396 0 0 0 0.266 0
17 2017 11077973 143349 0 29344 0 0 0 0.229 0
17 2018 13634181 152116 0 28407 0 0 0 0.209 0
17 2019 26577717 161131 0 30523 0 0 0 0.203 0
17 2020 23622643 214495 0 34924 0 0 0 0.175 0
17 2021 13856825 280528 0 33186 0 0 0 0.139 0
17 2022 14164438 333850 0 27907 0 0 0 0.101 0
17 2023 14923014 348137 0 NA 0 0 0 NA 0
