Cod        

Year         Recruits          SSB            TSB          Yield           mean-F
              (1000)        (tonnes)       (tonnes)       (tonnes)        age 2-4
1974          3537987         183173         405602         252714          0.708
1975          2331901         169287         396310         241132          0.750
1976          7866783         151633         430415         305329          0.826
1977          4402731         120830         404024         347182          0.801
1978          5842889         114531         481334         327061          0.941
1979          4625606         107569         441165         428086          0.765
1980          3991747         119757         469081         587443          0.875
1981         13952132         123777         501423         390754          0.873
1982          5054126         116055         405010         356376          0.923
1983          5698069          99762         378063         279032          0.929
1984          4009530          88123         339202         378275          0.877
1985          5201972          89766         361730         245642          0.881
1986          3599541          77685         286070         339692          0.952
1987          3681242          79193         333310         243840          0.925
1988          2964041          76141         267390         193767          0.927
1989          2587663          71132         223214         201155          0.956
1990          2923100          68548         224238         151592          0.907
1991          3488501          64840         180814         119678          0.901
1992          2093087          64629         191886         148985          0.874
1993          3406008          69383         215509         141383          0.933
1994          2692567          71358         202386         208173          0.890
1995          3206406          81878         236299         168055          0.850
1996          5228544          91130         233375         138777          0.902
1997          1672718          89683         227655         155600          0.876
1998          2656262          95056         260701         184807          1.159
1999          4866331          67463         137104         107734          1.154
2000          1774494          47375         112580          82922          1.168
2001          1876933          46070         121948          61987          0.828
2002          2081585          46398          98783          65036          1.097
2003          3563453          34481          75838          34437          0.678
2004          2607615          35173          77899          36471          0.719
2005          4634091          36160          85471          38104          0.709
2006          2537113          37898          94450          37577          0.729
2007          2664989          45535         112568          54641          0.579
2008          2580793          53194         107326          51795          0.625
2009          2308890          55080         106044          54026          0.625
2010          1904905          54323         111819          49106          0.543
2011          4142657          65359         135482          40687          0.401
2012          6188603          72061         133886          40764          0.373
2013          4562324          72890         140408          40757          0.350
2014          2594179          76511         157774          45192          0.337
2015          1943658          85141         167377          49900          0.351
2016          2683450          85662         148321          50310          0.341
2017          1327025          79041         130758          46369          0.390
2018          1299303          69272         122392          47904          0.552
2019          1141534          50590          88310          35390          0.467
2020           925961          41165          81189          23607          0.353
2021          1865250          45300          97775          18228          0.223
2022          2150733          48860         104364          21128          0.250
2023                           53369

Whiting    

Year         Recruits          SSB            TSB          Yield           mean-F
              (1000)        (tonnes)       (tonnes)       (tonnes)        age 2-5
1974         29005864         366860         496901         319955          0.827
1975         25432910         299310         526501         275667          0.853
1976         32523168         380786         603817         325609          0.782
1977         25071237         373595         585255         289306          0.665
1978         27616789         384388         608449         188049          0.492
1979         17362140         405231         624709         244055          0.588
1980         12294551         421950         615068         223016          0.526
1981         21791949         415848         535795         192209          0.526
1982          8165365         290528         362898         140246          0.436
1983         10989794         221725         300376         161686          0.596
1984         12606201         174647         287760         145646          0.668
1985         13532618         202120         292177         100207          0.535
1986         16664267         206616         372325         161469          0.748
1987         15258626         227839         355869         138906          0.606
1988         18971570         254359         360973         133010          0.532
1989         13452842         253860         417919         123530          0.441
1990         11311443         307438         422433         152969          0.464
1991         10751656         303400         408453         126467          0.336
1992         14656087         301969         401728         108738          0.409
1993         12182144         275077         374513         116871          0.459
1994         12482405         253493         353397         101628          0.398
1995         11381562         253397         360377         106220          0.304
1996          6661617         239636         321723          76090          0.272
1997         12796911         212485         275645          61475          0.241
1998         21885774         188966         267194          47405          0.210
1999         20554409         179223         282007          60836          0.283
2000         19198319         198844         313988          63908          0.251
2001         22602549         248417         367273          45177          0.150
2002         15151680         259951         351407          46412          0.133
2003         10077353         248029         300312          45646          0.190
2004         10609750         200479         242213          33564          0.160
2005         10597691         167567         217851          28873          0.152
2006         10920825         150921         201413          36746          0.198
2007         16819931         141577         181218          26968          0.181
2008         13084476         147147         203672          28251          0.174
2009          7605350         159854         208704          28362          0.159
2010         13252243         205461         258908          34441          0.157
2011         14048429         210816         280078          30673          0.133
2012         11374206         232846         279884          30224          0.139
2013         12480795         211724         246435          26639          0.121
2014         12913610         197307         251085          28373          0.132
2015         17321881         203398         259095          36255          0.168
2016         19205490         216821         276305          33371          0.150
2017         15531056         235566         292018          29348          0.117
2018         12193508         240106         289890          28438          0.112
2019         20104562         240839         295970          30510          0.122
2020         19520286         294225         405215          34996          0.104
2021          7589409         393863         510313          33193          0.078
2022         14868379         444603         507595          27891          0.048
2023                          477366

Haddock    

Year         Recruits          SSB            TSB          Yield           mean-F
              (1000)        (tonnes)       (tonnes)       (tonnes)        age 2-4
1974         48882619         398650         893665         396271          0.697
1975          4545132         321305        1433679         494728          0.870
1976          5117723         523606        1063359         402849          0.797
1977         11066574         406147         535411         240340          0.766
1978         17236948         178719         362126         146706          0.807
1979         26637661         133769         454447         149064          0.833
1980         15721856         176450         743830         202451          0.796
1981         22042729         312499         727624         226485          0.573
1982          9934537         341988         674738         256108          0.553
1983         15287331         268948         485995         253230          0.732
1984          5187665         224072         554385         247089          0.874
1985          5771073         250470         500461         247098          0.833
1986         12367887         236627         381239         223727          0.868
1987          1775586         185886         452805         194995          0.977
1988          1287569         196462         350842         179974          0.954
1989          2511204         142427         187245         127719          0.945
1990          5028265          76820         133562          86748          0.884
1991          7172007          63263         176163          97264          0.915
1992         10140127         100545         304056         135185          0.807
1993          4052249         175892         470750         180218          1.006
1994         16316060         213843         403311         169436          0.901
1995          8410774         194637         567633         168928          0.805
1996          6226424         248184         523976         204683          0.949
1997          3688507         226269         386056         170009          0.723
1998          1905106         190501         297032         161929          0.782
1999         17837060         140356         195923         123489          0.977
2000          6219204         104353         486222         126823          0.858
2001          1245245         359332         655863         173366          0.696
2002          1542523         424409         496674         155333          0.630
2003          1405950         263034         292576          74350          0.340
2004          1212757         178553         207132          72513          0.367
2005          8325598         120235         142110          64115          0.394
2006          2250485          90108         227100          66967          0.616
2007          1235739         138571         206542          67425          0.562
2008           661738         135920         166911          49900          0.371
2009          4364958          95622         115186          46492          0.335
2010           644347          85892         188948          41304          0.366
2011           347866         134086         181804          42868          0.345
2012           650299         145679         157224          42920          0.297
2013           551156         109088         122708          46685          0.262
2014          4209251          76960          90785          45915          0.414
2015          1067344          61952         146029          41475          0.627
2016          1659625          98941         149790          42943          0.507
2017           837275         117646         156368          40861          0.457
2018          1802820          97311         123904          39694          0.432
2019          6274612          81238         120114          36305          0.431
2020          8640674          93279         247982          38944          0.345
2021          3616463         209182         431927          44128          0.221
2022          3988141         354434         475777          56890          0.121
2023                          409491

Saithe     

Year         Recruits          SSB            TSB          Yield           mean-F
              (1000)        (tonnes)       (tonnes)       (tonnes)        age 4-7
1974           267889         558023         861666         341457          0.451
1975           150870         487929         829525         308362          0.531
1976           188056         368024         730454         432832          0.575
1977           160581         292319         600366         242626          0.735
1978           340297         247209         456357         179361          0.436
1979           255899         240189         488533         144250          0.464
1980           251322         222080         470747         146784          0.542
1981           219098         211342         539571         150025          0.498
1982           264245         191979         544467         205438          0.489
1983           495231         197956         522159         205616          0.715
1984           267231         161924         417768         245308          0.589
1985           269641         140954         403097         280080          0.597
1986           157123         123755         444986         236972          0.734
1987           151509         128359         375232         195418          0.626
1988           206892         129799         354565         156418          0.722
1989           192785         109962         291461         126442          0.667
1990           211289         103813         269351         126902          0.576
1991           172392          97291         278431         133739          0.533
1992           505646          97706         309161         117430          0.511
1993           207783         112311         354003         135112          0.736
1994           306561         108652         366382         128816          0.518
1995           143065         133319         569858         143477          0.661
1996           263606         147027         499640         130551          0.570
1997           149009         180776         485660         121523          0.409
1998           330209         183494         422227         118480          0.420
1999           338128         190520         437217         120395          0.576
2000           244344         177039         438347          94676          0.409
2001           184850         186286         486213         104100          0.313
2002           292442         221672         570138         129849          0.431
2003           127740         208512         481559         121658          0.463
2004           156745         255290         527941         113792          0.335
2005           110664         235937         489430         119234          0.381
2006           111245         256066         474917         128711          0.366
2007           191092         237506         413730         106333          0.303
2008           105895         227198         391510         129887          0.451
2009           154042         217156         367866         114519          0.466
2010           145332         203707         380883         104723          0.482
2011           109539         158483         317952         102008          0.454
2012           129613         142247         299072          87049          0.419
2013           192835         143532         299500          87270          0.382
2014           183109         158787         311329          82172          0.386
2015           108399         162136         320162          81447          0.404
2016            95717         150867         335897          77671          0.402
2017            86181         165313         359833          94585          0.476
2018           104124         160382         318596          95446          0.472
2019           148471         166060         301413          96646          0.484
2020           179992         154092         276929          76820          0.362
2021           178446         147441         276962          50951          0.256
2022           178064         163782         329734          53805          0.246
2023                          186057

Mackerel   

Year         Recruits          SSB            TSB          Yield           mean-F
              (1000)        (tonnes)       (tonnes)       (tonnes)        age 4-8
1974          4770999        4986977        5639085         604750          0.123
1975          4479228        4808179        5594887         780518          0.163
1976          2992755        4601474        5467503         826864          0.185
1977           762882        4436176        5207332         619776          0.144
1978          2529453        4329352        4839263         735619          0.182
1979          4716657        3817589        4210752         840578          0.225
1980          5264403        2754173        3313518         733063          0.238
1981          6412930        2514098        3322043         750656          0.247
1982          1742537        2512135        3464810         716385          0.247
1983          1262804        2666113        3447702         671927          0.212
1984          6090197        2677317        3082914         633027          0.219
1985          2842397        2561599        3147917         609877          0.194
1986          3365869        2630060        3338214         600246          0.182
1987          4800025        2652999        3235612         654429          0.199
1988          3111221        2643584        3354941         677317          0.217
1989          4076569        2521445        3261398         582714          0.185
1990          3040229        2683287        3316905         624046          0.200
1991          3324635        2804719        3424856         674986          0.239
1992          4039192        2767442        3265008         758475          0.278
1993          4541598        2637404        3182851         823385          0.316
1994          3830116        2551719        3122504         817922          0.342
1995          3452097        2557380        3145142         755210          0.325
1996          3419283        2430659        2947594         561267          0.241
1997          2805811        2455392        2955804         570291          0.235
1998          2869633        2445125        2855698         662343          0.266
1999          3274402        2385665        2783622         636297          0.273
2000          1967837        2250771        2642532         736472          0.326
2001          4262535        2093942        2429842         735748          0.368
2002          5778528        1804186        2195043         770238          0.442
2003          3659253        1803869        2400990         678030          0.424
2004          5035284        2150710        2622623         684412          0.449
2005          8152469        2081997        2664584         549854          0.320
2006          9716855        2337450        3246540         478373          0.260
2007          8449932        2845664        4141990         588318          0.293
2008          8368756        3415485        4811976         622041          0.262
2009          7582214        4020991        5303026         738620          0.238
2010         11011343        4567984        5579591         879073          0.220
2011         10858381        5308112        6529360         950185          0.205
2012          6811690        5480851        6976925         900343          0.180
2013          5314178        5855748        6960129         939365          0.179
2014          6266549        5977561        6792820        1403481          0.226
2015          2818014        6062268        6728438        1222450          0.209
2016          5176938        5753055        6369344        1102656          0.197
2017          3587626        5024519        5590646        1159211          0.217
2018          3146685        4542085        5290659        1022963          0.202
2019          5309763        4221146        4774272         839839          0.179
2020          6047072        4014522        4642790        1039503          0.228
2021          2938981        3838082        4624755        1081666          0.277
2022          4163517        3673194        4309256        1046951          0.296
2023                         3349720

Herring    

Year         Recruits          SSB            TSB          Yield           mean-F
              (1000)        (tonnes)       (tonnes)       (tonnes)        age 2-6
1974          9718853         231984         275426         266013          0.694
1975          4215091         161751         206916         253937          1.167
1976          2433353          91023         110697         159255          0.686
1977          1741440          69015          81399          39314          0.162
1978          1334137          83182          96831              0          0.000
1979          4389141         114168         128654              0          0.000
1980         14478385         146878         181008          73450          0.103
1981         21260608         217667         312979         208745          0.153
1982         29722746         375509         514184         277070          0.132
1983         27509900         631356         836071         430216          0.301
1984         29472444         946627        1169747         460933          0.479
1985         43360125        1029725        1280103         659339          0.544
1986         47625059         980804        1258074         752731          0.464
1987         35992247        1099219        1418981        1008725          0.414
1988         22804056        1364785        1651795        1140874          0.395
1989         18698100        1427986        1647881         910318          0.339
1990         20111826        1500057        1628099         739056          0.325
1991         18510914        1377439        1511469         685045          0.369
1992         28781326        1134525        1362489         764432          0.504
1993         29796645         796096        1157399         687902          0.655
1994         23605091         793227        1031253         597208          0.591
1995         25468782         762167        1001961         595417          0.610
1996         26680061         708519         924534         274372          0.247
1997         17291069         826454        1095615         264056          0.235
1998         14310495        1081943        1369388         380193          0.383
1999         40688363        1127945        1328790         369622          0.285
2000         26891025        1165735        1480057         421779          0.298
2001         70707199        1552595        1901850         363691          0.229
2002         28021204        1936999        2407490         390438          0.211
2003         17659484        2162633        3109728         487432          0.236
2004         19530022        2381205        3100134         589576          0.247
2005         13737413        2334765        2556361         665396          0.315
2006         16040058        1712958        1919000         513247          0.252
2007         21850469        1315425        1488754         406368          0.222
2008         20140988        1158909        1300428         258713          0.154
2009         24327381        1309672        1446936         168589          0.092
2010         23848853        1400212        1783878         186255          0.108
2011         19391105        1873913        2138256         224049          0.104
2012         20729542        2176155        2307532         434509          0.196
2013         35141385        1955973        2124773         511220          0.233
2014         38857713        1731388        1949849         518042          0.224
2015         12981132        1656690        2090242         494949          0.246
2016         15440614        1933302        2302275         563618          0.237
2017          8238920        1816469        2032770         490975          0.174
2018         15758159        1610822        1868025         591798          0.214
2019         13636257        1366097        1519278         432123          0.190
2020         17195512        1285624        1441045         427687          0.216
2021         13879527        1258969        1426844         374908          0.188
2022         17985981        1280626        1467273         445987          0.250
2023                         1135034

N.sandeel  

Year         Recruits          SSB            TSB          Yield           mean-F
              (1000)        (tonnes)       (tonnes)       (tonnes)        age 1-2
1974        355589476         387007        1143545         220388          0.193
1975        211098226         536967         944753         196585          0.257
1976        220091182         294926         598449         110245          0.235
1977        124129089         227918         613163         271729          0.566
1978        212511603         215656         471093         133700          0.296
1979        316277711         265568         666096         202374          0.112
1980        172516151         446023        1028848         303285          0.354
1981        224836644         422178         731223         152257          0.238
1982        197106880         314436         631512          87780          0.220
1983        173431600         315834         700481          81411          0.092
1984        121004309         449420         816570          97873          0.090
1985        222931948         493506         751218          89680          0.149
1986        249310250         456807         938244         380423          0.379
1987        122262045         450649         899418         406697          0.267
1988        326165145         416352         614084         372984          0.402
1989        192510385         306391         799805         492321          0.927
1990        309482757         225882         488558         220066          0.755
1991        311951333         171535         562390         376987          0.550
1992        442288501         218176         634319         178362          0.301
1993        512101163         289386         773616         247966          0.205
1994        609233487         360326        1033946         499686          0.837
1995        237456190         279344        1013433         407424          0.329
1996        796774665         322230         637588         286113          0.331
1997        108219121         303424        1913283         581619          0.365
1998        167336318         685172        1023255         506445          0.460
1999        453221174         381097         709581         261940          0.320
2000        190184845         348132        1111477         273480          0.437
2001        166128264         279402         608181         234252          0.257
2002         32973333         165147         454165         162661          0.660
2003         83626556          92442         162752          58422          0.391
2004         44967089          51911         206033          77882          0.892
2005         68439855          36758         126036          23887          0.275
2006         85762836          43316         174976          16483          0.104
2007         63110673          67657         244787          90990          0.323
2008         70430168          76685         215646          88489          1.107
2009        111859540          39768         197706          29845          0.111
2010         15039867          95017         380141          76706          0.308
2011         15240988         136474         199580          95914          0.271
2012         80281058          71762         105009          43055          0.092
2013        108623834          53725         222313          25480          0.203
2014        126441968          88965         366515         137976          0.883
2015         12244207          94647         413116         119697          0.470
2016        373688634         118098         169330          46908          0.244
2017         22397409         118955        1064302         204511          0.301
2018        115572110         391447         550447         112208          0.306
2019        248708702         242450         534543         145579          0.325
2020        105484493         248331         897349         304897          0.393
2021         88374500         279326         542001         182528          0.296
2022         61468658         144721         318379         140040          0.449
2023                           69575

S.sandeel  

Year         Recruits          SSB            TSB          Yield           mean-F
              (1000)        (tonnes)       (tonnes)       (tonnes)        age 1-2
1974        237473797         432931         767086         118670          0.102
1975         97044261         348293        1024203         162704          0.162
1976        170412702         473819         805431         316414          0.390
1977        281951142         269689         743134         314952          0.392
1978        132456422         316336        1226589         665810          0.630
1979        165893526         449703         893592         481048          0.769
1980        105254440         303728         864499         420808          0.594
1981        365215361         385325         760052         375286          0.666
1982         35415668         224383        1127076         537998          0.741
1983        273877194         432585         608690         455491          0.416
1984         99420248         255518        1055808         569182          0.542
1985        326173917         475104         813186         532829          0.911
1986         79750195         222664        1190667         465159          0.367
1987         70052737         644984         976717         415769          0.259
1988        209365805         480512         696849         518102          0.478
1989        113207170         263831         881076         536102          0.598
1990        149500985         351740         717947         370075          0.773
1991        265658318         209343         636117         464214          0.534
1992         62866318         267454        1052262         673907          0.487
1993        204914887         463182         708824         281050          0.428
1994        298162383         286975         890750         283238          0.395
1995         92318109         417412        1331609         496112          0.340
1996        492626600         614851         944046         452057          0.541
1997         86910989         335879        1760942         552475          0.311
1998        143641084         865779        1240650         485678          0.479
1999        222676516         437870         822403         471932          0.738
2000        280700415         194745         743728         370347          0.542
2001        356899147         269436        1000439         595721          0.914
2002         43624443         259151        1183417         645902          0.594
2003        166947736         393831         559838         232654          0.801
2004         91636610         105335         483849         264457          0.684
2005        212183155         136739         372286         143318          0.580
2006        168775273         106089         587669         267630          0.615
2007        303003793         166660         545013         114319          0.275
2008        154000875         185128         814888         245289          0.389
2009        672322497         263425         620958         304305          0.694
2010         90000243         177033        1738602         324785          0.207
2011        117012193         830918        1184053         340287          0.189
2012        222409127         381899         613123          56692          0.053
2013        161317505         226297         633770         236658          0.651
2014        291998379         142927         488018          91156          0.315
2015         74768687         174140         809369         188928          0.322
2016        310562653         289255         480210          22561          0.035
2017         34600207         204883         868379         276566          0.439
2018         50450782         297040         416385         150533          0.598
2019        114035875          96763         215192          66204          0.380
2020         66115103          78921         365373         129666          0.363
2021        106740560         142415         317377          46720          0.132
2022         98453059         136500         394645          11760          0.024
2023                          215620

Nor.pout   

Year         Recruits          SSB            TSB          Yield           mean-F
              (1000)        (tonnes)       (tonnes)       (tonnes)        age 1-2
1974        227398167         288858        1106822         732535          1.608
1975        371090291         291205         836650         508262          1.106
1976        295520060         370406        1192619         472608          0.993
1977        134518825         364359        1019258         383967          0.677
1978        217345583         316130         661623         253756          0.758
1979        213469868         263495         839698         339898          0.831
1980         55883170         390490        1034302         534650          0.974
1981        157921860         273221         404501         431928          0.600
1982        173433951         121406         447051         390197          0.732
1983        178908484         222729         675335         475746          0.990
1984         74162598         322381         873856         376484          1.182
1985        103428363         274003         458270         227635          1.805
1986         91849103          99995         353162         180330          0.693
1987         52795154         153332         363963         148943          1.206
1988         76487699          94314         204257         109219          0.652
1989         77064756          98755         283074         166974          0.880
1990         77402860         128318         315799         138841          0.784
1991        159149821         145785         343972         189819          1.163
1992         72834786         191260         635562         302275          0.653
1993         59057980         326488         495266         181098          1.338
1994        163363978          98348         237324         183618          0.782
1995         74136353         177480         627579         231894          0.475
1996        124159990         277420         436413         156224          0.508
1997         32378284         186652         539764         156781          0.509
1998         67962658         222564         302389          73981          0.392
1999        111772538         110666         272372          92388          0.530
2000         44922796         155721         451750         185103          0.533
2001         59224144         212054         315119          64358          0.200
2002         32935409         107414         223312          77138          0.469
2003         14673708          61143         127278          24569          0.426
2004         20226750          37638          69635          13488          0.280
2005         53557180          24987          66516             41          0.000
2006         43295100          54349         175677          46529          0.361
2007         70704018          72022         160075           5799          0.000
2008        123275875          92787         235920          34844          0.140
2009        147957760         127557         383564          45821          0.136
2010         35416450         222964         582117         131191          0.381
2011         67105647         184118         254222           6840          0.016
2012        142741188          81002         188306          26946          0.027
2013         49169846         107430         377247          82179          0.265
2014        138793653         110815         199263          44189          0.236
2015         69984543         104670         402606          57351          0.281
2016        107765540         167944         306050          60203          0.372
2017         49011419         100436         314491          33941          0.164
2018        112035431         103111         185290          36152          0.300
2019        110439286          93847         341344          97555          0.440
2020         89606020         195120         491209         129545          0.592
2021         68374777         192514         400309          71943          0.421
2022        127493462         119791         262792          35718          0.181
2023                          101162

Sprat      

Year         Recruits          SSB            TSB          Yield           mean-F
              (1000)        (tonnes)       (tonnes)       (tonnes)        age 1-2
1974        327843349         431131         751825         354208          0.589
1975        654932344         528752         897529         773773          1.188
1976        215588582         601887        1246160         636786          1.133
1977        346528655         346442         565960         341809          1.223
1978        490620077         314146         652509         431459          0.556
1979        418369341         502665         883252         451078          0.408
1980        113236199         704919        1062104         407809          1.636
1981         49225087         204262         320864         284613          1.133
1982         43301386          88565         147064         182734          0.668
1983         62062191         164191         301159          80084          2.234
1984         53285637          84520         182682         104218          0.431
1985         38408735         207089         359285          69202          0.458
1986         69780762         127439         212256          27252          2.016
1987         79649341         118468         270422          46361          0.276
1988         62820911         201858         376814          73342          0.903
1989        140134966         119368         224598          72798          0.064
1990        119488421         260870         515511          82313          1.305
1991         64192527         152179         297275         118017          0.166
1992        113047785         147451         234588         133330          0.397
1993        210857396         148456         263579         196481          0.540
1994        149122068         221681         411117         396974          0.399
1995         33827898         337418         530663         407769          0.790
1996         63645733         214584         299067         143651          0.588
1997         47676631         122699         233768         118277          0.382
1998        111768422         215962         343427         154505          1.164
1999         71660412         118566         254048         214119          0.741
2000         50458406         133860         217523         215482          1.803
2001         65262414          77900         150865         196622          0.381
2002         63559641         230573         421644         153710          0.965
2003         85467343         108758         197860         176392          0.673
2004        202033080         208640         407167         113696          0.622
2005         63037230         215309         438102         241424          0.454
2006         91761111         258538         395506         124161          0.985
2007         59392814         231975         453310          95525          0.204
2008        147024933         138257         217569          60789          0.985
2009         92031658         248607         540274         140648          0.267
2010         98742788         208528         336970         150586          0.381
2011         97252389         189222         336675         142520          0.426
2012         49722721         229227         407987          93354          0.340
2013        177242046          81404         131499          62518          0.229
2014        134111038         355179         751993         127560          0.231
2015        124433482         303752         512672         288272          0.454
2016        148480654         213151         342490         211103          0.717
2017        241803156         158146         294487         113925          0.264
2018        188576690         285620         524401         158846          0.627
2019        131628246         288774         490890         134858          0.373
2020        121068618         275768         426819         181117          0.423
2021        179052222         202036         325135          76133          0.283
2022        313346316         201643         365278          81600          0.146
2023                          366368

Plaice     

Year         Recruits          SSB            TSB          Yield           mean-F
              (1000)        (tonnes)       (tonnes)       (tonnes)        age 2-6
1974          1925723         498128         774750         157427          0.284
1975          1556201         511507         836632         195349          0.337
1976          2252080         524557         815750         166997          0.270
1977          1843340         517598         799695         176623          0.294
1978          1936671         502849         771672         159539          0.269
1979          2604313         477013         758702         213145          0.407
1980          2257034         466815         733385         171852          0.325
1981          4879134         442615         683185         174140          0.338
1982          3301363         429306         810470         205329          0.374
1983          3086079         518254         885414         220537          0.358
1984          3946267         535583         916566         236422          0.373
1985          9600328         566477         955574         232241          0.343
1986          4506686         595626        1211109         308262          0.427
1987          4544360         688325        1186073         358749          0.435
1988          3308101         596905        1050237         324772          0.458
1989          2846447         626700         958778         286704          0.407
1990          2700048         566594         865050         240832          0.399
1991          2305358         533638         831012         237986          0.468
1992          1467426         455746         707012         193692          0.495
1993          1352275         402868         612351         163524          0.477
1994          2085619         340727         523353         145745          0.479
1995          2045383         317111         512316         131248          0.456
1996          5794430         282810         471545         143394          0.517
1997          2216432         264944         576987         192969          0.580
1998          2017269         311708         560774         183655          0.496
1999          2270736         295083         534583         160881          0.503
2000          1388955         304666         514457         135015          0.367
2001          3932722         331702         540991         193367          0.448
2002          1279067         293834         578262         134404          0.418
2003          2690976         338291         564759         154023          0.369
2004          1858549         318884         584550         127824          0.256
2005          2021394         370349         583478         118885          0.252
2006          3180028         397515         641400         131169          0.245
2007          2749381         381169         641725         101029          0.247
2008          2618657         448282         733073         105289          0.184
2009          3298117         525014         838854         108299          0.206
2010          3852736         584327         911925         116972          0.181
2011          3199793         561155         873941         118106          0.222
2012          3430115         542233         871726         141842          0.214
2013          3564070         584661         910458         126360          0.187
2014          1984379         636518         978244         133664          0.200
2015          2151434         560739         735145         134577          0.218
2016          2985366         535460         697768         136931          0.250
2017          1970599         507564         678426         114281          0.204
2018          4354603         435600         594596         105954          0.227
2019          2659823         401079         580207          86015          0.179
2020          2189581         421269         592877          79079          0.178
2021          7090199         438708         631654          73222          0.140
2022          3159491         431353         671519          64879          0.128
2023                          524570

Sole       

Year         Recruits          SSB            TSB          Yield           mean-F
              (1000)        (tonnes)       (tonnes)       (tonnes)        age 2-6
1974            49346          41110          59652          17986          0.460
1975           111653          43370          58645          20770          0.468
1976           139807          43000          52736          17322          0.435
1977            51274          35231          53985          18001          0.396
1978            15071          40178          58583          20276          0.485
1979           149577          46300          53463          22595          0.477
1980           156925          36421          44002          15803          0.479
1981           146287          25312          50376          15400          0.476
1982           148725          34158          58638          21575          0.536
1983            77651          41704          66363          24924          0.505
1984            93299          45124          65805          26837          0.579
1985           149585          41846          54750          24245          0.542
1986            69075          36606          54375          18198          0.592
1987           502735          30650          53711          17365          0.486
1988           112848          38101          69903          21587          0.496
1989           226101          33944          96737          21801          0.410
1990            84369          91221         116324          35118          0.425
1991           400846          77580         108174          33511          0.474
1992            83569          76701         106875          29339          0.464
1993            59175          53393         100695          31489          0.503
1994            97869          73824          86713          33000          0.538
1995            61660          57933          70110          30466          0.505
1996           249520          39365          54427          22648          0.716
1997           112731          28134          47732          14899          0.605
1998            91297          21363          56054          20865          0.646
1999           122609          37484          54204          23473          0.577
2000            66877          34261          50759          22639          0.637
2001           182992          27969          45954          19942          0.531
2002            84822          30712          47582          18659          0.530
2003            46217          26034          52569          19286          0.522
2004            50105          36772          48760          20942          0.515
2005           179566          31286          39512          17696          0.555
2006            71566          24042          38822          13588          0.474
2007            69108          17692          44134          15505          0.480
2008            85420          32827          45415          14615          0.411
2009           173025          30949          43317          15214          0.472
2010           217527          28225          47199          14850          0.528
2011            55250          24549          55443          13189          0.462
2012            94236          28690          40659          14695          0.524
2013           142317          34266          40479          15958          0.480
2014            99401          29115          38375          14640          0.468
2015            64713          26095          41725          14590          0.447
2016           104467          30264          36508          15323          0.538
2017            78176          25073          31191          13574          0.549
2018           209382          20336          29654          12266          0.560
2019            33171          17582          27792          10605          0.627
2020            62069          16789          31491          10489          0.467
2021            96064          28600          34062           9143          0.319
2022            93263          26964          45178           5827          0.199
2023                           27457

