Area Pred.no Prey.no vulnerability
1  1 16 2.6787e+01
1  1 17 5.6493e+00
1  1 18 7.7823e+01
1  1 21 2.6492e-01
1  1 22 2.4610e-02
1  1 23 2.1549e-02
1  1 24 2.8689e-01
1  1 25 4.6947e-01
1  2 17 1.8166e+00
1  2 18 4.3539e+00
1  2 21 1.7738e+00
1  2 22 1.2190e+00
1  2 23 1.0883e+00
1  2 25 1.2215e+00
1  3 16 1.0385e+00
1  3 17 5.2733e-01
1  3 18 5.4984e-01
1  3 21 7.1900e-03
1  3 22 1.3478e-02
1  3 23 1.6375e-02
1  3 24 2.8810e-02
1  3 25 3.3935e-02
1  4 16 2.0297e+02
1  4 17 4.4688e+01
1  4 18 6.6389e+01
1  4 21 1.8659e+00
1  4 22 1.9243e+00
1  4 23 1.6517e+00
1  4 25 1.0519e+01
1  5 16 1.5287e+02
1  5 17 4.2912e+01
1  5 18 6.7024e+01
1  5 21 7.6219e-01
1  5 22 3.2284e+00
1  5 23 2.4924e+00
1  5 24 2.8988e+00
1  5 25 4.1731e+00
1  6 16 6.1760e+01
1  6 21 2.3909e+00
1  6 22 5.5813e-01
1  6 23 5.2352e-01
1  6 25 1.0120e+01
1  7 21 2.1820e+00
1  7 22 4.6924e-01
1  7 23 4.0712e-01
1  7 25 4.3054e-01
1  8 17 1.1901e-01
1  8 21 1.8878e+00
1  8 22 3.1924e-01
1  8 23 2.6987e-01
1  8 24 5.0666e-02
1  8 25 1.1062e+00
1  9 16 1.4072e+01
1  9 17 4.1119e+00
1  9 22 1.0259e+00
1  9 23 3.8319e-01
1  9 24 5.0268e-01
1  10 16 7.1175e+00
1  10 17 3.3075e+00
1  10 18 2.8676e+00
1  10 21 2.9779e-01
1  10 22 4.1799e-01
1  10 23 6.8904e-01
1  10 24 5.1704e-01
1  10 25 5.2082e-01
1  11 22 2.6954e-01
1  11 24 3.4874e+00
1  12 17 3.2595e+00
1  12 21 1.3271e-01
1  12 22 5.9113e-02
1  12 25 4.6890e-02
1  13 16 4.5881e+00
1  13 17 4.4783e-01
1  13 18 1.0271e+00
1  13 21 1.8411e-02
1  13 22 5.0371e+00
1  13 23 5.0824e-01
1  13 24 1.4777e-01
1  13 26 2.7829e-01
1  14 16 7.6858e+00
1  14 17 3.2962e+00
1  14 21 2.1811e-01
1  14 22 2.9953e-01
1  14 23 1.9104e-01
1  14 24 2.5888e-01
1  15 17 4.2529e+00
1  15 21 3.9612e-02
1  15 24 1.7794e+00
1  16 16 1.2903e+00
1  16 17 5.5426e-01
1  16 18 1.2289e+00
1  16 21 1.4279e-01
1  16 22 6.9063e-02
1  16 23 1.9961e-02
1  16 24 3.0361e-01
1  16 25 1.3193e-01
1  17 16 5.4113e-01
1  17 17 4.1334e-01
1  17 18 6.7790e-01
1  17 21 1.2571e-01
1  17 22 5.2346e-02
1  17 23 2.3805e-02
1  17 24 2.4746e-01
1  17 25 2.0804e-01
1  18 22 4.3112e+00
1  18 23 3.9996e+00
1  18 24 1.5419e+00
1  19 17 4.6516e-01
1  19 18 1.5172e+00
1  19 21 2.3933e-01
1  19 22 1.3652e-01
1  19 24 1.1263e+00
1  20 21 1.7090e+00
1  20 22 6.8231e-01
1  20 23 1.2744e+00
1  20 24 7.3230e-01
1  20 25 2.6622e+00
